#
# There is insufficient memory for the Java Runtime Environment to continue.
# Native memory allocation (malloc) failed to allocate 1940496 bytes. Error detail: Chunk::new
# Possible reasons:
#   The system is out of physical RAM or swap space
#   This process is running with CompressedOops enabled, and the Java Heap may be blocking the growth of the native heap
# Possible solutions:
#   Reduce memory load on the system
#   Increase physical memory or swap space
#   Check if swap backing store is full
#   Decrease Java heap size (-Xmx/-Xms)
#   Decrease number of Java threads
#   Decrease Java thread stack sizes (-Xss)
#   Set larger code cache with -XX:ReservedCodeCacheSize=
#   JVM is running with Unscaled Compressed Oops mode in which the Java heap is
#     placed in the first 4GB address space. The Java Heap base address is the
#     maximum limit for the native heap growth. Please use -XX:HeapBaseMinAddress
#     to set the Java Heap base and to place the Java Heap above 4GB virtual address.
# This output file may be truncated or incomplete.
#
#  Out of Memory Error (arena.cpp:191), pid=25240, tid=7352
#
# JRE version: OpenJDK Runtime Environment Temurin-17.0.11+9 (17.0.11+9) (build 17.0.11+9)
# Java VM: OpenJDK 64-Bit Server VM Temurin-17.0.11+9 (17.0.11+9, mixed mode, tiered, compressed oops, compressed class ptrs, parallel gc, windows-amd64)
# No core dump will be written. Minidumps are not enabled by default on client versions of Windows
#

---------------  S U M M A R Y ------------

Command Line: --add-modules=ALL-SYSTEM --add-opens=java.base/java.util=ALL-UNNAMED --add-opens=java.base/java.lang=ALL-UNNAMED --add-opens=java.base/sun.nio.fs=ALL-UNNAMED -Declipse.application=org.eclipse.jdt.ls.core.id1 -Dosgi.bundles.defaultStartLevel=4 -Declipse.product=org.eclipse.jdt.ls.core.product -Djava.import.generatesMetadataFilesAtProjectRoot=false -DDetectVMInstallationsJob.disabled=true -Dfile.encoding=utf8 -XX:+UseParallelGC -XX:GCTimeRatio=4 -XX:AdaptiveSizePolicyWeight=90 -Dsun.zip.disableMemoryMapping=true -Xmx1G -Xms100m -Xlog:disable -javaagent:c:\Users\HARSHAD\.vscode\extensions\redhat.java-1.32.0-win32-x64\lombok\lombok-1.18.33.jar -XX:+HeapDumpOnOutOfMemoryError -XX:HeapDumpPath=c:\Users\HARSHAD\AppData\Roaming\Code\User\workspaceStorage\46e0f23759ab3be43eef7f42eb58a600\redhat.java -Daether.dependencyCollector.impl=bf c:\Users\HARSHAD\.vscode\extensions\redhat.java-1.32.0-win32-x64\server\plugins\org.eclipse.equinox.launcher_1.6.900.v20240613-2009.jar -configuration c:\Users\HARSHAD\AppData\Roaming\Code\User\globalStorage\redhat.java\1.32.0\config_win -data c:\Users\HARSHAD\AppData\Roaming\Code\User\workspaceStorage\46e0f23759ab3be43eef7f42eb58a600\redhat.java\jdt_ws --pipe=\\.\pipe\lsp-b98c93e72b580983c82ed2d490939fc8-sock

Host: AMD Ryzen 5 5600H with Radeon Graphics         , 12 cores, 7G,  Windows 11 , 64 bit Build 22621 (10.0.22621.3672)
Time: Fri Jul  5 01:41:35 2024 India Standard Time elapsed time: 3.490726 seconds (0d 0h 0m 3s)

---------------  T H R E A D  ---------------

Current thread (0x000002174a858890):  JavaThread "C2 CompilerThread0" daemon [_thread_in_native, id=7352, stack(0x000000b4f8700000,0x000000b4f8800000)]


Current CompileTask:
C2:   3490 3576       4       org.lombokweb.asm.ClassReader::readMethod (1066 bytes)

Stack: [0x000000b4f8700000,0x000000b4f8800000]
Native frames: (J=compiled Java code, j=interpreted, Vv=VM code, C=native code)
V  [jvm.dll+0x67d429]
V  [jvm.dll+0x834b7a]
V  [jvm.dll+0x83663e]
V  [jvm.dll+0x836ca3]
V  [jvm.dll+0x247dbf]
V  [jvm.dll+0xac534]
V  [jvm.dll+0xacb7c]
V  [jvm.dll+0x3665f2]
V  [jvm.dll+0x1bd086]
V  [jvm.dll+0x21a5c9]
V  [jvm.dll+0x2198b1]
V  [jvm.dll+0x1a534d]
V  [jvm.dll+0x2295cd]
V  [jvm.dll+0x22779c]
V  [jvm.dll+0x7e9d07]
V  [jvm.dll+0x7e410a]
V  [jvm.dll+0x67c315]
C  [ucrtbase.dll+0x29333]
C  [KERNEL32.DLL+0x1257d]
C  [ntdll.dll+0x5af28]


---------------  P R O C E S S  ---------------

Threads class SMR info:
_java_thread_list=0x000002174d588400, length=24, elements={
0x00000217317eaad0, 0x000002174a817020, 0x000002174a82a4d0, 0x000002174565d160,
0x000002174565db90, 0x000002174a850fb0, 0x000002174a853030, 0x000002174a858890,
0x000002174a8591a0, 0x000002174a85dac0, 0x000002173184d110, 0x000002174a9fe860,
0x000002174bf15310, 0x000002174c5de030, 0x000002174c458480, 0x000002174c9ad0a0,
0x000002174d002310, 0x000002174d26a860, 0x000002174d259ea0, 0x000002174d0f4620,
0x000002174d0f4b30, 0x000002174d0f5550, 0x000002174d5ab130, 0x000002174d0f78c0
}

Java Threads: ( => current thread )
  0x00000217317eaad0 JavaThread "main" [_thread_blocked, id=22816, stack(0x000000b4f7e00000,0x000000b4f7f00000)]
  0x000002174a817020 JavaThread "Reference Handler" daemon [_thread_blocked, id=28792, stack(0x000000b4f8100000,0x000000b4f8200000)]
  0x000002174a82a4d0 JavaThread "Finalizer" daemon [_thread_blocked, id=5852, stack(0x000000b4f8200000,0x000000b4f8300000)]
  0x000002174565d160 JavaThread "Signal Dispatcher" daemon [_thread_blocked, id=28380, stack(0x000000b4f8300000,0x000000b4f8400000)]
  0x000002174565db90 JavaThread "Attach Listener" daemon [_thread_blocked, id=30188, stack(0x000000b4f8400000,0x000000b4f8500000)]
  0x000002174a850fb0 JavaThread "Service Thread" daemon [_thread_blocked, id=10808, stack(0x000000b4f8500000,0x000000b4f8600000)]
  0x000002174a853030 JavaThread "Monitor Deflation Thread" daemon [_thread_blocked, id=18184, stack(0x000000b4f8600000,0x000000b4f8700000)]
=>0x000002174a858890 JavaThread "C2 CompilerThread0" daemon [_thread_in_native, id=7352, stack(0x000000b4f8700000,0x000000b4f8800000)]
  0x000002174a8591a0 JavaThread "C1 CompilerThread0" daemon [_thread_in_native, id=26988, stack(0x000000b4f8800000,0x000000b4f8900000)]
  0x000002174a85dac0 JavaThread "Sweeper thread" daemon [_thread_blocked, id=16660, stack(0x000000b4f8900000,0x000000b4f8a00000)]
  0x000002173184d110 JavaThread "Common-Cleaner" daemon [_thread_blocked, id=20620, stack(0x000000b4f8a00000,0x000000b4f8b00000)]
  0x000002174a9fe860 JavaThread "C2 CompilerThread1" daemon [_thread_in_native, id=30176, stack(0x000000b4f8b00000,0x000000b4f8c00000)]
  0x000002174bf15310 JavaThread "Notification Thread" daemon [_thread_blocked, id=5096, stack(0x000000b4f8c00000,0x000000b4f8d00000)]
  0x000002174c5de030 JavaThread "Active Thread: Equinox Container: 8a776cc0-c2fd-46c4-b61f-a49a405f396c" [_thread_blocked, id=25416, stack(0x000000b4f9500000,0x000000b4f9600000)]
  0x000002174c458480 JavaThread "Framework Event Dispatcher: Equinox Container: 8a776cc0-c2fd-46c4-b61f-a49a405f396c" daemon [_thread_blocked, id=388, stack(0x000000b4f9600000,0x000000b4f9700000)]
  0x000002174c9ad0a0 JavaThread "Start Level: Equinox Container: 8a776cc0-c2fd-46c4-b61f-a49a405f396c" daemon [_thread_in_Java, id=15748, stack(0x000000b4f9700000,0x000000b4f9800000)]
  0x000002174d002310 JavaThread "Bundle File Closer" daemon [_thread_blocked, id=6128, stack(0x000000b4f9900000,0x000000b4f9a00000)]
  0x000002174d26a860 JavaThread "SCR Component Actor" daemon [_thread_blocked, id=26152, stack(0x000000b4f9b00000,0x000000b4f9c00000)]
  0x000002174d259ea0 JavaThread "SCR Component Registry" daemon [_thread_blocked, id=31304, stack(0x000000b4f9c00000,0x000000b4f9d00000)]
  0x000002174d0f4620 JavaThread "Worker-JM" [_thread_blocked, id=1600, stack(0x000000b4f9d00000,0x000000b4f9e00000)]
  0x000002174d0f4b30 JavaThread "Worker-0" [_thread_blocked, id=30896, stack(0x000000b4f9f00000,0x000000b4fa000000)]
  0x000002174d0f5550 JavaThread "Worker-1" [_thread_blocked, id=32128, stack(0x000000b4fa000000,0x000000b4fa100000)]
  0x000002174d5ab130 JavaThread "C2 CompilerThread2" daemon [_thread_in_native, id=31596, stack(0x000000b4f8e00000,0x000000b4f8f00000)]
  0x000002174d0f78c0 JavaThread "Java indexing" daemon [_thread_blocked, id=31048, stack(0x000000b4fa100000,0x000000b4fa200000)]

Other Threads:
  0x000002173186de50 VMThread "VM Thread" [stack: 0x000000b4f8000000,0x000000b4f8100000] [id=25652]
  0x000002174bf18f20 WatcherThread [stack: 0x000000b4f8d00000,0x000000b4f8e00000] [id=30900]
  0x00000217317fdfa0 GCTaskThread "GC Thread#0" [stack: 0x000000b4f7f00000,0x000000b4f8000000] [id=14936]
  0x000002174c8d0bb0 GCTaskThread "GC Thread#1" [stack: 0x000000b4f8f00000,0x000000b4f9000000] [id=27260]
  0x000002174c60a020 GCTaskThread "GC Thread#2" [stack: 0x000000b4f9000000,0x000000b4f9100000] [id=28660]
  0x000002174c60a2e0 GCTaskThread "GC Thread#3" [stack: 0x000000b4f9100000,0x000000b4f9200000] [id=2704]
  0x000002174c60a5a0 GCTaskThread "GC Thread#4" [stack: 0x000000b4f9200000,0x000000b4f9300000] [id=31004]
  0x000002174c641890 GCTaskThread "GC Thread#5" [stack: 0x000000b4f9300000,0x000000b4f9400000] [id=15968]
  0x000002174c641b50 GCTaskThread "GC Thread#6" [stack: 0x000000b4f9400000,0x000000b4f9500000] [id=30024]
  0x000002172f5e8730 GCTaskThread "GC Thread#7" [stack: 0x000000b4f9800000,0x000000b4f9900000] [id=5320]
  0x000002174cbdc4c0 GCTaskThread "GC Thread#8" [stack: 0x000000b4f9a00000,0x000000b4f9b00000] [id=14632]
  0x000002174d2d9d90 GCTaskThread "GC Thread#9" [stack: 0x000000b4f9e00000,0x000000b4f9f00000] [id=12916]

Threads with active compile tasks:
C2 CompilerThread0     3505 3576       4       org.lombokweb.asm.ClassReader::readMethod (1066 bytes)
C2 CompilerThread1     3505 3783 %     4       java.io.WinNTFileSystem::normalize @ 22 (143 bytes)
C2 CompilerThread2     3505 3798       4       sun.util.locale.LocaleUtils::toLowerString (95 bytes)

VM state: not at safepoint (normal execution)

VM Mutex/Monitor currently owned by a thread: None

Heap address: 0x00000000c0000000, size: 1024 MB, Compressed Oops mode: 32-bit

CDS archive(s) not mapped
Compressed class space mapped at: 0x0000000100000000-0x0000000140000000, reserved size: 1073741824
Narrow klass base: 0x0000000000000000, Narrow klass shift: 3, Narrow klass range: 0x140000000

GC Precious Log:
 CPUs: 12 total, 12 available
 Memory: 7519M
 Large Page Support: Disabled
 NUMA Support: Disabled
 Compressed Oops: Enabled (32-bit)
 Alignments: Space 512K, Generation 512K, Heap 2M
 Heap Min Capacity: 100M
 Heap Initial Capacity: 100M
 Heap Max Capacity: 1G
 Pre-touch: Disabled
 Parallel Workers: 10

Heap:
 PSYoungGen      total 26624K, used 22432K [0x00000000eab00000, 0x00000000ec800000, 0x0000000100000000)
  eden space 23552K, 84% used [0x00000000eab00000,0x00000000ebe66540,0x00000000ec200000)
  from space 3072K, 83% used [0x00000000ec400000,0x00000000ec681d78,0x00000000ec700000)
  to   space 1024K, 0% used [0x00000000ec700000,0x00000000ec700000,0x00000000ec800000)
 ParOldGen       total 68608K, used 13370K [0x00000000c0000000, 0x00000000c4300000, 0x00000000eab00000)
  object space 68608K, 19% used [0x00000000c0000000,0x00000000c0d0eb88,0x00000000c4300000)
 Metaspace       used 34031K, committed 34816K, reserved 1114112K
  class space    used 3328K, committed 3648K, reserved 1048576K

Card table byte_map: [0x0000021731160000,0x0000021731370000] _byte_map_base: 0x0000021730b60000

Marking Bits: (ParMarkBitMap*) 0x00007ff8b018d820
 Begin Bits: [0x0000021743460000, 0x0000021744460000)
 End Bits:   [0x0000021744460000, 0x0000021745460000)

Polling page: 0x000002172f6e0000

Metaspace:

Usage:
  Non-class:     29.98 MB used.
      Class:      3.25 MB used.
       Both:     33.23 MB used.

Virtual space:
  Non-class space:       64.00 MB reserved,      30.44 MB ( 48%) committed,  1 nodes.
      Class space:        1.00 GB reserved,       3.56 MB ( <1%) committed,  1 nodes.
             Both:        1.06 GB reserved,      34.00 MB (  3%) committed. 

Chunk freelists:
   Non-Class:  652.00 KB
       Class:  12.42 MB
        Both:  13.06 MB

MaxMetaspaceSize: unlimited
CompressedClassSpaceSize: 1.00 GB
Initial GC threshold: 21.00 MB
Current GC threshold: 35.00 MB
CDS: off
MetaspaceReclaimPolicy: balanced
 - commit_granule_bytes: 65536.
 - commit_granule_words: 8192.
 - virtual_space_node_default_size: 8388608.
 - enlarge_chunks_in_place: 1.
 - new_chunks_are_fully_committed: 0.
 - uncommit_free_chunks: 1.
 - use_allocation_guard: 0.
 - handle_deallocations: 1.


Internal statistics:

num_allocs_failed_limit: 3.
num_arena_births: 580.
num_arena_deaths: 14.
num_vsnodes_births: 2.
num_vsnodes_deaths: 0.
num_space_committed: 545.
num_space_uncommitted: 0.
num_chunks_returned_to_freelist: 17.
num_chunks_taken_from_freelist: 1651.
num_chunk_merges: 8.
num_chunk_splits: 1060.
num_chunks_enlarged: 665.
num_inconsistent_stats: 0.

CodeHeap 'non-profiled nmethods': size=120000Kb used=1707Kb max_used=1707Kb free=118292Kb
 bounds [0x000002173bf30000, 0x000002173c1a0000, 0x0000021743460000]
CodeHeap 'profiled nmethods': size=120000Kb used=8041Kb max_used=8041Kb free=111958Kb
 bounds [0x0000021734460000, 0x0000021734c40000, 0x000002173b990000]
CodeHeap 'non-nmethods': size=5760Kb used=1252Kb max_used=1293Kb free=4507Kb
 bounds [0x000002173b990000, 0x000002173bc00000, 0x000002173bf30000]
 total_blobs=4370 nmethods=3798 adapters=485
 compilation: enabled
              stopped_count=0, restarted_count=0
 full_count=0

Compilation events (20 events):
Event: 3.480 Thread 0x000002174a8591a0 nmethod 3777 0x0000021734c27290 code [0x0000021734c274e0, 0x0000021734c27f48]
Event: 3.480 Thread 0x000002174a8591a0 3778       3       java.lang.StringLatin1::compareToCI (108 bytes)
Event: 3.480 Thread 0x000002174a9fe860 3780       4       java.lang.String::<init> (10 bytes)
Event: 3.480 Thread 0x000002174a8591a0 nmethod 3778 0x0000021734c28410 code [0x0000021734c28660, 0x0000021734c28f38]
Event: 3.480 Thread 0x000002174a8591a0 3781       3       org.eclipse.core.runtime.Path::computeHashCode (47 bytes)
Event: 3.481 Thread 0x000002174a8591a0 nmethod 3781 0x0000021734c29390 code [0x0000021734c29560, 0x0000021734c29818]
Event: 3.481 Thread 0x000002174a8591a0 3782       3       org.eclipse.core.runtime.Path::append (147 bytes)
Event: 3.481 Thread 0x000002174a8591a0 nmethod 3782 0x0000021734c29990 code [0x0000021734c29cc0, 0x0000021734c2ae48]
Event: 3.482 Thread 0x000002174a8591a0 3784       1       org.eclipse.core.runtime.QualifiedName::getQualifier (5 bytes)
Event: 3.482 Thread 0x000002174a8591a0 nmethod 3784 0x000002173c0d8b10 code [0x000002173c0d8ca0, 0x000002173c0d8d78]
Event: 3.482 Thread 0x000002174a8591a0 3785       1       org.eclipse.core.internal.resources.Workspace::getRoot (5 bytes)
Event: 3.482 Thread 0x000002174a8591a0 nmethod 3785 0x000002173c0d8e10 code [0x000002173c0d8fa0, 0x000002173c0d9078]
Event: 3.482 Thread 0x000002174a8591a0 3786   !   3       org.eclipse.core.internal.resources.Workspace::getResourceInfo (109 bytes)
Event: 3.482 Thread 0x000002174a8591a0 nmethod 3786 0x0000021734c2b390 code [0x0000021734c2b600, 0x0000021734c2c148]
Event: 3.483 Thread 0x000002174a9fe860 nmethod 3780 0x000002173c0d9110 code [0x000002173c0d92a0, 0x000002173c0d9638]
Event: 3.483 Thread 0x000002174a9fe860 3783 %     4       java.io.WinNTFileSystem::normalize @ 22 (143 bytes)
Event: 3.484 Thread 0x000002174d5ab130 nmethod 3779 0x000002173c0d9810 code [0x000002173c0d99a0, 0x000002173c0d9bb8]
Event: 3.485 Thread 0x000002174a8591a0 3787       3       jdk.internal.misc.Unsafe::weakCompareAndSetLong (11 bytes)
Event: 3.486 Thread 0x000002174a8591a0 nmethod 3787 0x0000021734c2c710 code [0x0000021734c2c8a0, 0x0000021734c2c9d8]
Event: 3.488 Thread 0x000002174a8591a0 3788       3       java.lang.invoke.ClassSpecializer$SpeciesData::transformHelper (56 bytes)

GC Heap History (20 events):
Event: 0.604 GC heap before
{Heap before GC invocations=1 (full 0):
 PSYoungGen      total 29696K, used 25600K [0x00000000eab00000, 0x00000000ecc00000, 0x0000000100000000)
  eden space 25600K, 100% used [0x00000000eab00000,0x00000000ec400000,0x00000000ec400000)
  from space 4096K, 0% used [0x00000000ec800000,0x00000000ec800000,0x00000000ecc00000)
  to   space 4096K, 0% used [0x00000000ec400000,0x00000000ec400000,0x00000000ec800000)
 ParOldGen       total 68608K, used 0K [0x00000000c0000000, 0x00000000c4300000, 0x00000000eab00000)
  object space 68608K, 0% used [0x00000000c0000000,0x00000000c0000000,0x00000000c4300000)
 Metaspace       used 10951K, committed 11136K, reserved 1114112K
  class space    used 1090K, committed 1216K, reserved 1048576K
}
Event: 0.611 GC heap after
{Heap after GC invocations=1 (full 0):
 PSYoungGen      total 29696K, used 3124K [0x00000000eab00000, 0x00000000ecc00000, 0x0000000100000000)
  eden space 25600K, 0% used [0x00000000eab00000,0x00000000eab00000,0x00000000ec400000)
  from space 4096K, 76% used [0x00000000ec400000,0x00000000ec70d288,0x00000000ec800000)
  to   space 4096K, 0% used [0x00000000ec800000,0x00000000ec800000,0x00000000ecc00000)
 ParOldGen       total 68608K, used 16K [0x00000000c0000000, 0x00000000c4300000, 0x00000000eab00000)
  object space 68608K, 0% used [0x00000000c0000000,0x00000000c0004000,0x00000000c4300000)
 Metaspace       used 10951K, committed 11136K, reserved 1114112K
  class space    used 1090K, committed 1216K, reserved 1048576K
}
Event: 1.131 GC heap before
{Heap before GC invocations=2 (full 0):
 PSYoungGen      total 29696K, used 28724K [0x00000000eab00000, 0x00000000ecc00000, 0x0000000100000000)
  eden space 25600K, 100% used [0x00000000eab00000,0x00000000ec400000,0x00000000ec400000)
  from space 4096K, 76% used [0x00000000ec400000,0x00000000ec70d288,0x00000000ec800000)
  to   space 4096K, 0% used [0x00000000ec800000,0x00000000ec800000,0x00000000ecc00000)
 ParOldGen       total 68608K, used 16K [0x00000000c0000000, 0x00000000c4300000, 0x00000000eab00000)
  object space 68608K, 0% used [0x00000000c0000000,0x00000000c0004000,0x00000000c4300000)
 Metaspace       used 14554K, committed 14784K, reserved 1114112K
  class space    used 1454K, committed 1536K, reserved 1048576K
}
Event: 1.140 GC heap after
{Heap after GC invocations=2 (full 0):
 PSYoungGen      total 29696K, used 4093K [0x00000000eab00000, 0x00000000ecc00000, 0x0000000100000000)
  eden space 25600K, 0% used [0x00000000eab00000,0x00000000eab00000,0x00000000ec400000)
  from space 4096K, 99% used [0x00000000ec800000,0x00000000ecbff6e0,0x00000000ecc00000)
  to   space 4096K, 0% used [0x00000000ec400000,0x00000000ec400000,0x00000000ec800000)
 ParOldGen       total 68608K, used 1512K [0x00000000c0000000, 0x00000000c4300000, 0x00000000eab00000)
  object space 68608K, 2% used [0x00000000c0000000,0x00000000c017a178,0x00000000c4300000)
 Metaspace       used 14554K, committed 14784K, reserved 1114112K
  class space    used 1454K, committed 1536K, reserved 1048576K
}
Event: 1.576 GC heap before
{Heap before GC invocations=3 (full 0):
 PSYoungGen      total 29696K, used 29693K [0x00000000eab00000, 0x00000000ecc00000, 0x0000000100000000)
  eden space 25600K, 100% used [0x00000000eab00000,0x00000000ec400000,0x00000000ec400000)
  from space 4096K, 99% used [0x00000000ec800000,0x00000000ecbff6e0,0x00000000ecc00000)
  to   space 4096K, 0% used [0x00000000ec400000,0x00000000ec400000,0x00000000ec800000)
 ParOldGen       total 68608K, used 1512K [0x00000000c0000000, 0x00000000c4300000, 0x00000000eab00000)
  object space 68608K, 2% used [0x00000000c0000000,0x00000000c017a178,0x00000000c4300000)
 Metaspace       used 16035K, committed 16320K, reserved 1114112K
  class space    used 1612K, committed 1728K, reserved 1048576K
}
Event: 1.585 GC heap after
{Heap after GC invocations=3 (full 0):
 PSYoungGen      total 29696K, used 4088K [0x00000000eab00000, 0x00000000ecc00000, 0x0000000100000000)
  eden space 25600K, 0% used [0x00000000eab00000,0x00000000eab00000,0x00000000ec400000)
  from space 4096K, 99% used [0x00000000ec400000,0x00000000ec7fe0d0,0x00000000ec800000)
  to   space 4096K, 0% used [0x00000000ec800000,0x00000000ec800000,0x00000000ecc00000)
 ParOldGen       total 68608K, used 5327K [0x00000000c0000000, 0x00000000c4300000, 0x00000000eab00000)
  object space 68608K, 7% used [0x00000000c0000000,0x00000000c0533c70,0x00000000c4300000)
 Metaspace       used 16035K, committed 16320K, reserved 1114112K
  class space    used 1612K, committed 1728K, reserved 1048576K
}
Event: 2.002 GC heap before
{Heap before GC invocations=4 (full 0):
 PSYoungGen      total 29696K, used 29688K [0x00000000eab00000, 0x00000000ecc00000, 0x0000000100000000)
  eden space 25600K, 100% used [0x00000000eab00000,0x00000000ec400000,0x00000000ec400000)
  from space 4096K, 99% used [0x00000000ec400000,0x00000000ec7fe0d0,0x00000000ec800000)
  to   space 4096K, 0% used [0x00000000ec800000,0x00000000ec800000,0x00000000ecc00000)
 ParOldGen       total 68608K, used 5327K [0x00000000c0000000, 0x00000000c4300000, 0x00000000eab00000)
  object space 68608K, 7% used [0x00000000c0000000,0x00000000c0533c70,0x00000000c4300000)
 Metaspace       used 20626K, committed 21056K, reserved 1114112K
  class space    used 2090K, committed 2304K, reserved 1048576K
}
Event: 2.007 GC heap after
{Heap after GC invocations=4 (full 0):
 PSYoungGen      total 29696K, used 4075K [0x00000000eab00000, 0x00000000ecc00000, 0x0000000100000000)
  eden space 25600K, 0% used [0x00000000eab00000,0x00000000eab00000,0x00000000ec400000)
  from space 4096K, 99% used [0x00000000ec800000,0x00000000ecbfae38,0x00000000ecc00000)
  to   space 4096K, 0% used [0x00000000ec400000,0x00000000ec400000,0x00000000ec800000)
 ParOldGen       total 68608K, used 6485K [0x00000000c0000000, 0x00000000c4300000, 0x00000000eab00000)
  object space 68608K, 9% used [0x00000000c0000000,0x00000000c0655588,0x00000000c4300000)
 Metaspace       used 20626K, committed 21056K, reserved 1114112K
  class space    used 2090K, committed 2304K, reserved 1048576K
}
Event: 2.067 GC heap before
{Heap before GC invocations=5 (full 0):
 PSYoungGen      total 29696K, used 7981K [0x00000000eab00000, 0x00000000ecc00000, 0x0000000100000000)
  eden space 25600K, 15% used [0x00000000eab00000,0x00000000eaed0670,0x00000000ec400000)
  from space 4096K, 99% used [0x00000000ec800000,0x00000000ecbfae38,0x00000000ecc00000)
  to   space 4096K, 0% used [0x00000000ec400000,0x00000000ec400000,0x00000000ec800000)
 ParOldGen       total 68608K, used 6485K [0x00000000c0000000, 0x00000000c4300000, 0x00000000eab00000)
  object space 68608K, 9% used [0x00000000c0000000,0x00000000c0655588,0x00000000c4300000)
 Metaspace       used 21047K, committed 21504K, reserved 1114112K
  class space    used 2138K, committed 2368K, reserved 1048576K
}
Event: 2.071 GC heap after
{Heap after GC invocations=5 (full 0):
 PSYoungGen      total 29696K, used 4080K [0x00000000eab00000, 0x00000000ece00000, 0x0000000100000000)
  eden space 25600K, 0% used [0x00000000eab00000,0x00000000eab00000,0x00000000ec400000)
  from space 4096K, 99% used [0x00000000ec400000,0x00000000ec7fc3c8,0x00000000ec800000)
  to   space 5120K, 0% used [0x00000000ec900000,0x00000000ec900000,0x00000000ece00000)
 ParOldGen       total 68608K, used 6944K [0x00000000c0000000, 0x00000000c4300000, 0x00000000eab00000)
  object space 68608K, 10% used [0x00000000c0000000,0x00000000c06c82a8,0x00000000c4300000)
 Metaspace       used 21047K, committed 21504K, reserved 1114112K
  class space    used 2138K, committed 2368K, reserved 1048576K
}
Event: 2.071 GC heap before
{Heap before GC invocations=6 (full 1):
 PSYoungGen      total 29696K, used 4080K [0x00000000eab00000, 0x00000000ece00000, 0x0000000100000000)
  eden space 25600K, 0% used [0x00000000eab00000,0x00000000eab00000,0x00000000ec400000)
  from space 4096K, 99% used [0x00000000ec400000,0x00000000ec7fc3c8,0x00000000ec800000)
  to   space 5120K, 0% used [0x00000000ec900000,0x00000000ec900000,0x00000000ece00000)
 ParOldGen       total 68608K, used 6944K [0x00000000c0000000, 0x00000000c4300000, 0x00000000eab00000)
  object space 68608K, 10% used [0x00000000c0000000,0x00000000c06c82a8,0x00000000c4300000)
 Metaspace       used 21047K, committed 21504K, reserved 1114112K
  class space    used 2138K, committed 2368K, reserved 1048576K
}
Event: 2.097 GC heap after
{Heap after GC invocations=6 (full 1):
 PSYoungGen      total 29696K, used 0K [0x00000000eab00000, 0x00000000ece00000, 0x0000000100000000)
  eden space 25600K, 0% used [0x00000000eab00000,0x00000000eab00000,0x00000000ec400000)
  from space 4096K, 0% used [0x00000000ec400000,0x00000000ec400000,0x00000000ec800000)
  to   space 5120K, 0% used [0x00000000ec900000,0x00000000ec900000,0x00000000ece00000)
 ParOldGen       total 68608K, used 10558K [0x00000000c0000000, 0x00000000c4300000, 0x00000000eab00000)
  object space 68608K, 15% used [0x00000000c0000000,0x00000000c0a4faa0,0x00000000c4300000)
 Metaspace       used 21034K, committed 21504K, reserved 1114112K
  class space    used 2135K, committed 2368K, reserved 1048576K
}
Event: 2.528 GC heap before
{Heap before GC invocations=7 (full 1):
 PSYoungGen      total 29696K, used 25563K [0x00000000eab00000, 0x00000000ece00000, 0x0000000100000000)
  eden space 25600K, 99% used [0x00000000eab00000,0x00000000ec3f6dd8,0x00000000ec400000)
  from space 4096K, 0% used [0x00000000ec400000,0x00000000ec400000,0x00000000ec800000)
  to   space 5120K, 0% used [0x00000000ec900000,0x00000000ec900000,0x00000000ece00000)
 ParOldGen       total 68608K, used 10558K [0x00000000c0000000, 0x00000000c4300000, 0x00000000eab00000)
  object space 68608K, 15% used [0x00000000c0000000,0x00000000c0a4faa0,0x00000000c4300000)
 Metaspace       used 24330K, committed 24960K, reserved 1114112K
  class space    used 2480K, committed 2688K, reserved 1048576K
}
Event: 2.530 GC heap after
{Heap after GC invocations=7 (full 1):
 PSYoungGen      total 26112K, used 851K [0x00000000eab00000, 0x00000000eca00000, 0x0000000100000000)
  eden space 25088K, 0% used [0x00000000eab00000,0x00000000eab00000,0x00000000ec380000)
  from space 1024K, 83% used [0x00000000ec900000,0x00000000ec9d4fa8,0x00000000eca00000)
  to   space 2560K, 0% used [0x00000000ec500000,0x00000000ec500000,0x00000000ec780000)
 ParOldGen       total 68608K, used 10566K [0x00000000c0000000, 0x00000000c4300000, 0x00000000eab00000)
  object space 68608K, 15% used [0x00000000c0000000,0x00000000c0a51aa0,0x00000000c4300000)
 Metaspace       used 24330K, committed 24960K, reserved 1114112K
  class space    used 2480K, committed 2688K, reserved 1048576K
}
Event: 2.959 GC heap before
{Heap before GC invocations=8 (full 1):
 PSYoungGen      total 26112K, used 25939K [0x00000000eab00000, 0x00000000eca00000, 0x0000000100000000)
  eden space 25088K, 100% used [0x00000000eab00000,0x00000000ec380000,0x00000000ec380000)
  from space 1024K, 83% used [0x00000000ec900000,0x00000000ec9d4fa8,0x00000000eca00000)
  to   space 2560K, 0% used [0x00000000ec500000,0x00000000ec500000,0x00000000ec780000)
 ParOldGen       total 68608K, used 10566K [0x00000000c0000000, 0x00000000c4300000, 0x00000000eab00000)
  object space 68608K, 15% used [0x00000000c0000000,0x00000000c0a51aa0,0x00000000c4300000)
 Metaspace       used 27289K, committed 28032K, reserved 1114112K
  class space    used 2825K, committed 3136K, reserved 1048576K
}
Event: 2.961 GC heap after
{Heap after GC invocations=8 (full 1):
 PSYoungGen      total 27136K, used 2552K [0x00000000eab00000, 0x00000000eca00000, 0x0000000100000000)
  eden space 24576K, 0% used [0x00000000eab00000,0x00000000eab00000,0x00000000ec300000)
  from space 2560K, 99% used [0x00000000ec500000,0x00000000ec77e238,0x00000000ec780000)
  to   space 2560K, 0% used [0x00000000ec780000,0x00000000ec780000,0x00000000eca00000)
 ParOldGen       total 68608K, used 11014K [0x00000000c0000000, 0x00000000c4300000, 0x00000000eab00000)
  object space 68608K, 16% used [0x00000000c0000000,0x00000000c0ac1aa0,0x00000000c4300000)
 Metaspace       used 27289K, committed 28032K, reserved 1114112K
  class space    used 2825K, committed 3136K, reserved 1048576K
}
Event: 3.136 GC heap before
{Heap before GC invocations=9 (full 1):
 PSYoungGen      total 27136K, used 27128K [0x00000000eab00000, 0x00000000eca00000, 0x0000000100000000)
  eden space 24576K, 100% used [0x00000000eab00000,0x00000000ec300000,0x00000000ec300000)
  from space 2560K, 99% used [0x00000000ec500000,0x00000000ec77e238,0x00000000ec780000)
  to   space 2560K, 0% used [0x00000000ec780000,0x00000000ec780000,0x00000000eca00000)
 ParOldGen       total 68608K, used 11014K [0x00000000c0000000, 0x00000000c4300000, 0x00000000eab00000)
  object space 68608K, 16% used [0x00000000c0000000,0x00000000c0ac1aa0,0x00000000c4300000)
 Metaspace       used 29947K, committed 30720K, reserved 1114112K
  class space    used 2992K, committed 3328K, reserved 1048576K
}
Event: 3.138 GC heap after
{Heap after GC invocations=9 (full 1):
 PSYoungGen      total 26624K, used 2558K [0x00000000eab00000, 0x00000000eca00000, 0x0000000100000000)
  eden space 24064K, 0% used [0x00000000eab00000,0x00000000eab00000,0x00000000ec280000)
  from space 2560K, 99% used [0x00000000ec780000,0x00000000ec9ff8c8,0x00000000eca00000)
  to   space 3072K, 0% used [0x00000000ec400000,0x00000000ec400000,0x00000000ec700000)
 ParOldGen       total 68608K, used 11326K [0x00000000c0000000, 0x00000000c4300000, 0x00000000eab00000)
  object space 68608K, 16% used [0x00000000c0000000,0x00000000c0b0fab0,0x00000000c4300000)
 Metaspace       used 29947K, committed 30720K, reserved 1114112K
  class space    used 2992K, committed 3328K, reserved 1048576K
}
Event: 3.324 GC heap before
{Heap before GC invocations=10 (full 1):
 PSYoungGen      total 26624K, used 26622K [0x00000000eab00000, 0x00000000eca00000, 0x0000000100000000)
  eden space 24064K, 100% used [0x00000000eab00000,0x00000000ec280000,0x00000000ec280000)
  from space 2560K, 99% used [0x00000000ec780000,0x00000000ec9ff8c8,0x00000000eca00000)
  to   space 3072K, 0% used [0x00000000ec400000,0x00000000ec400000,0x00000000ec700000)
 ParOldGen       total 68608K, used 11326K [0x00000000c0000000, 0x00000000c4300000, 0x00000000eab00000)
  object space 68608K, 16% used [0x00000000c0000000,0x00000000c0b0fab0,0x00000000c4300000)
 Metaspace       used 32687K, committed 33472K, reserved 1114112K
  class space    used 3209K, committed 3520K, reserved 1048576K
}
Event: 3.329 GC heap after
{Heap after GC invocations=10 (full 1):
 PSYoungGen      total 26624K, used 2567K [0x00000000eab00000, 0x00000000ec800000, 0x0000000100000000)
  eden space 23552K, 0% used [0x00000000eab00000,0x00000000eab00000,0x00000000ec200000)
  from space 3072K, 83% used [0x00000000ec400000,0x00000000ec681d78,0x00000000ec700000)
  to   space 1024K, 0% used [0x00000000ec700000,0x00000000ec700000,0x00000000ec800000)
 ParOldGen       total 68608K, used 13370K [0x00000000c0000000, 0x00000000c4300000, 0x00000000eab00000)
  object space 68608K, 19% used [0x00000000c0000000,0x00000000c0d0eb88,0x00000000c4300000)
 Metaspace       used 32687K, committed 33472K, reserved 1114112K
  class space    used 3209K, committed 3520K, reserved 1048576K
}

Dll operation events (9 events):
Event: 0.009 Loaded shared library c:\Users\HARSHAD\.vscode\extensions\redhat.java-1.32.0-win32-x64\jre\17.0.11-win32-x86_64\bin\java.dll
Event: 0.118 Loaded shared library c:\Users\HARSHAD\.vscode\extensions\redhat.java-1.32.0-win32-x64\jre\17.0.11-win32-x86_64\bin\zip.dll
Event: 0.120 Loaded shared library C:\Users\HARSHAD\.vscode\extensions\redhat.java-1.32.0-win32-x64\jre\17.0.11-win32-x86_64\bin\instrument.dll
Event: 0.131 Loaded shared library C:\Users\HARSHAD\.vscode\extensions\redhat.java-1.32.0-win32-x64\jre\17.0.11-win32-x86_64\bin\net.dll
Event: 0.133 Loaded shared library C:\Users\HARSHAD\.vscode\extensions\redhat.java-1.32.0-win32-x64\jre\17.0.11-win32-x86_64\bin\nio.dll
Event: 0.138 Loaded shared library C:\Users\HARSHAD\.vscode\extensions\redhat.java-1.32.0-win32-x64\jre\17.0.11-win32-x86_64\bin\zip.dll
Event: 0.150 Loaded shared library C:\Users\HARSHAD\.vscode\extensions\redhat.java-1.32.0-win32-x64\jre\17.0.11-win32-x86_64\bin\jimage.dll
Event: 0.196 Loaded shared library c:\Users\HARSHAD\.vscode\extensions\redhat.java-1.32.0-win32-x64\jre\17.0.11-win32-x86_64\bin\verify.dll
Event: 1.064 Loaded shared library C:\Users\HARSHAD\AppData\Roaming\Code\User\globalStorage\redhat.java\1.32.0\config_win\org.eclipse.equinox.launcher\org.eclipse.equinox.launcher.win32.win32.x86_64_1.2.1100.v20240613-2013\eclipse_11903.dll

Deoptimization events (20 events):
Event: 3.222 Thread 0x000002174c9ad0a0 Uncommon trap: trap_request=0xffffff45 fr.pc=0x000002173c0ae194 relative=0x00000000000001f4
Event: 3.222 Thread 0x000002174c9ad0a0 Uncommon trap: reason=unstable_if action=reinterpret pc=0x000002173c0ae194 method=org.lombokweb.asm.Label.resolve([BLorg/lombokweb/asm/ByteVector;I)Z @ 81 c2
Event: 3.222 Thread 0x000002174c9ad0a0 DEOPT PACKING pc=0x000002173c0ae194 sp=0x000000b4f97eeb40
Event: 3.222 Thread 0x000002174c9ad0a0 DEOPT UNPACKING pc=0x000002173b9e66a3 sp=0x000000b4f97eeab0 mode 2
Event: 3.351 Thread 0x000002174c9ad0a0 DEOPT PACKING pc=0x0000021734991f4e sp=0x000000b4f97f9780
Event: 3.351 Thread 0x000002174c9ad0a0 DEOPT UNPACKING pc=0x000002173b9e6e43 sp=0x000000b4f97f8c90 mode 0
Event: 3.356 Thread 0x000002174c9ad0a0 DEOPT PACKING pc=0x0000021734991f4e sp=0x000000b4f97f9730
Event: 3.356 Thread 0x000002174c9ad0a0 DEOPT UNPACKING pc=0x000002173b9e6e43 sp=0x000000b4f97f8c40 mode 0
Event: 3.448 Thread 0x000002174c9ad0a0 Uncommon trap: trap_request=0xffffffc6 fr.pc=0x000002173bfc8274 relative=0x0000000000000934
Event: 3.448 Thread 0x000002174c9ad0a0 Uncommon trap: reason=bimorphic_or_optimized_type_check action=maybe_recompile pc=0x000002173bfc8274 method=java.util.HashMap.putVal(ILjava/lang/Object;Ljava/lang/Object;ZZ)Ljava/lang/Object; @ 56 c2
Event: 3.448 Thread 0x000002174c9ad0a0 DEOPT PACKING pc=0x000002173bfc8274 sp=0x000000b4f97f9750
Event: 3.448 Thread 0x000002174c9ad0a0 DEOPT UNPACKING pc=0x000002173b9e66a3 sp=0x000000b4f97f96a8 mode 2
Event: 3.448 Thread 0x000002174c9ad0a0 Uncommon trap: trap_request=0xffffffc6 fr.pc=0x000002173bfc82fc relative=0x00000000000009bc
Event: 3.448 Thread 0x000002174c9ad0a0 Uncommon trap: reason=bimorphic_or_optimized_type_check action=maybe_recompile pc=0x000002173bfc82fc method=java.util.HashMap.putVal(ILjava/lang/Object;Ljava/lang/Object;ZZ)Ljava/lang/Object; @ 253 c2
Event: 3.448 Thread 0x000002174c9ad0a0 DEOPT PACKING pc=0x000002173bfc82fc sp=0x000000b4f97f96a0
Event: 3.448 Thread 0x000002174c9ad0a0 DEOPT UNPACKING pc=0x000002173b9e66a3 sp=0x000000b4f97f9620 mode 2
Event: 3.472 Thread 0x000002174c9ad0a0 Uncommon trap: trap_request=0xffffff45 fr.pc=0x000002173c0cca64 relative=0x0000000000000144
Event: 3.472 Thread 0x000002174c9ad0a0 Uncommon trap: reason=unstable_if action=reinterpret pc=0x000002173c0cca64 method=jdk.internal.util.ArraysSupport.mismatch([C[CI)I @ 4 c2
Event: 3.472 Thread 0x000002174c9ad0a0 DEOPT PACKING pc=0x000002173c0cca64 sp=0x000000b4f97f9490
Event: 3.472 Thread 0x000002174c9ad0a0 DEOPT UNPACKING pc=0x000002173b9e66a3 sp=0x000000b4f97f93c8 mode 2

Classes unloaded (7 events):
Event: 2.075 Thread 0x000002173186de50 Unloading class 0x0000000100250400 'java/lang/invoke/LambdaForm$MH+0x0000000100250400'
Event: 2.075 Thread 0x000002173186de50 Unloading class 0x0000000100250000 'java/lang/invoke/LambdaForm$MH+0x0000000100250000'
Event: 2.075 Thread 0x000002173186de50 Unloading class 0x000000010024bc00 'java/lang/invoke/LambdaForm$MH+0x000000010024bc00'
Event: 2.075 Thread 0x000002173186de50 Unloading class 0x000000010024b800 'java/lang/invoke/LambdaForm$MH+0x000000010024b800'
Event: 2.075 Thread 0x000002173186de50 Unloading class 0x000000010024b400 'java/lang/invoke/LambdaForm$BMH+0x000000010024b400'
Event: 2.075 Thread 0x000002173186de50 Unloading class 0x000000010024b000 'java/lang/invoke/LambdaForm$DMH+0x000000010024b000'
Event: 2.075 Thread 0x000002173186de50 Unloading class 0x0000000100248400 'java/lang/invoke/LambdaForm$DMH+0x0000000100248400'

Classes redefined (0 events):
No events

Internal exceptions (20 events):
Event: 2.814 Thread 0x000002174c9ad0a0 Exception <a 'java/lang/NoSuchMethodError'{0x00000000ebc12de0}: 'int java.lang.invoke.DirectMethodHandle$Holder.invokeStaticInit(java.lang.Object, long, long)'> (0x00000000ebc12de0) 
thrown [s\src\hotspot\share\interpreter\linkResolver.cpp, line 759]
Event: 2.815 Thread 0x000002174c9ad0a0 Exception <a 'java/lang/NoSuchMethodError'{0x00000000ebc1ac20}: 'int java.lang.invoke.DirectMethodHandle$Holder.invokeStaticInit(java.lang.Object, float, float)'> (0x00000000ebc1ac20) 
thrown [s\src\hotspot\share\interpreter\linkResolver.cpp, line 759]
Event: 2.815 Thread 0x000002174c9ad0a0 Exception <a 'java/lang/NoSuchMethodError'{0x00000000ebc22a68}: 'int java.lang.invoke.DirectMethodHandle$Holder.invokeStaticInit(java.lang.Object, double, double)'> (0x00000000ebc22a68) 
thrown [s\src\hotspot\share\interpreter\linkResolver.cpp, line 759]
Event: 2.816 Thread 0x000002174c9ad0a0 Exception <a 'java/lang/NoSuchMethodError'{0x00000000ebc28060}: 'int java.lang.invoke.DirectMethodHandle$Holder.invokeStatic(java.lang.Object, long)'> (0x00000000ebc28060) 
thrown [s\src\hotspot\share\interpreter\linkResolver.cpp, line 759]
Event: 2.820 Thread 0x000002174c9ad0a0 Exception <a 'java/lang/NoSuchMethodError'{0x00000000ebc507f8}: 'int java.lang.invoke.Invokers$Holder.linkToTargetMethod(java.lang.Object, java.lang.Object)'> (0x00000000ebc507f8) 
thrown [s\src\hotspot\share\interpreter\linkResolver.cpp, line 759]
Event: 2.843 Thread 0x000002174c9ad0a0 Exception <a 'java/lang/NoSuchMethodError'{0x00000000ebd15638}: 'java.lang.Object java.lang.invoke.DirectMethodHandle$Holder.invokeSpecial(java.lang.Object, java.lang.Object, java.lang.Object, java.lang.Object, java.lang.Object, java.lang.Object, java.lang.Object, java.lang.Object, java.lang.Object, java.lang.Object, java.lang.Object)'> (0x00000000ebd15638) 
thrown [s\src\hotspot\share\interpreter\linkResolver.cpp, line 759]
Event: 2.843 Thread 0x000002174c9ad0a0 Exception <a 'java/lang/NoSuchMethodError'{0x00000000ebd1ab50}: 'java.lang.Object java.lang.invoke.Invokers$Holder.invoke_MT(java.lang.Object, java.lang.Object, java.lang.Object, java.lang.Object, java.lang.Object, java.lang.Object, java.lang.Object, java.lang.Object, java.lang.Object, java.lang.Object, java.lang.Object)'> (0x00000000ebd1ab50) 
thrown [s\src\hotspot\share\interpreter\linkResolver.cpp, line 759]
Event: 2.855 Thread 0x000002174c9ad0a0 Exception <a 'java/lang/NoSuchMethodError'{0x00000000ebdaa700}: 'java.lang.Object java.lang.invoke.DirectMethodHandle$Holder.invokeSpecial(java.lang.Object, java.lang.Object, java.lang.Object, java.lang.Object, java.lang.Object, java.lang.Object, java.lang.Object, java.lang.Object, java.lang.Object, java.lang.Object)'> (0x00000000ebdaa700) 
thrown [s\src\hotspot\share\interpreter\linkResolver.cpp, line 759]
Event: 2.855 Thread 0x000002174c9ad0a0 Exception <a 'java/lang/NoSuchMethodError'{0x00000000ebdaf950}: 'java.lang.Object java.lang.invoke.Invokers$Holder.invoke_MT(java.lang.Object, java.lang.Object, java.lang.Object, java.lang.Object, java.lang.Object, java.lang.Object, java.lang.Object, java.lang.Object, java.lang.Object, java.lang.Object)'> (0x00000000ebdaf950) 
thrown [s\src\hotspot\share\interpreter\linkResolver.cpp, line 759]
Event: 2.870 Thread 0x000002174c9ad0a0 Exception <a 'java/lang/NoSuchMethodError'{0x00000000ebe4f8f8}: 'java.lang.Object java.lang.invoke.DirectMethodHandle$Holder.newInvokeSpecial(java.lang.Object, java.lang.Object, java.lang.Object, java.lang.Object, java.lang.Object, java.lang.Object, java.lang.Object)'> (0x00000000ebe4f8f8) 
thrown [s\src\hotspot\share\interpreter\linkResolver.cpp, line 759]
Event: 2.879 Thread 0x000002174c9ad0a0 Exception <a 'java/lang/NoSuchMethodError'{0x00000000ebebd568}: 'java.lang.Object java.lang.invoke.DirectMethodHandle$Holder.invokeSpecial(java.lang.Object, java.lang.Object, java.lang.Object, java.lang.Object, java.lang.Object, java.lang.Object, java.lang.Object, java.lang.Object, java.lang.Object, java.lang.Object, java.lang.Object, java.lang.Object, java.lang.Object)'> (0x00000000ebebd568) 
thrown [s\src\hotspot\share\interpreter\linkResolver.cpp, line 759]
Event: 2.880 Thread 0x000002174c9ad0a0 Exception <a 'java/lang/NoSuchMethodError'{0x00000000ebec3098}: 'java.lang.Object java.lang.invoke.Invokers$Holder.invoker(java.lang.Object, java.lang.Object, java.lang.Object, java.lang.Object, java.lang.Object, java.lang.Object, java.lang.Object, java.lang.Object, java.lang.Object, java.lang.Object, java.lang.Object, java.lang.Object, java.lang.Object)'> (0x00000000ebec3098) 
thrown [s\src\hotspot\share\interpreter\linkResolver.cpp, line 759]
Event: 2.880 Thread 0x000002174c9ad0a0 Exception <a 'java/lang/NoSuchMethodError'{0x00000000ebec9d98}: 'java.lang.Object java.lang.invoke.DirectMethodHandle$Holder.invokeSpecial(java.lang.Object, java.lang.Object, java.lang.Object, java.lang.Object, java.lang.Object, java.lang.Object, java.lang.Object, java.lang.Object, java.lang.Object, java.lang.Object, java.lang.Object, java.lang.Object, java.lang.Object, java.lang.Object)'> (0x00000000ebec9d98) 
thrown [s\src\hotspot\share\interpreter\linkResolver.cpp, line 759]
Event: 2.889 Thread 0x000002174c9ad0a0 Exception <a 'java/lang/NoSuchMethodError'{0x00000000ebf343a8}: static Lorg/eclipse/m2e/core/internal/lifecyclemapping/model/PluginExecutionMetadata;.<clinit>()V> (0x00000000ebf343a8) 
thrown [s\src\hotspot\share\prims\jni.cpp, line 1112]
Event: 2.897 Thread 0x000002174c9ad0a0 Exception <a 'java/lang/NoSuchMethodError'{0x00000000ebf933b8}: static Lorg/eclipse/m2e/core/internal/lifecyclemapping/model/PluginExecutionFilter;.<clinit>()V> (0x00000000ebf933b8) 
thrown [s\src\hotspot\share\prims\jni.cpp, line 1112]
Event: 2.904 Thread 0x000002174c9ad0a0 Exception <a 'java/lang/NoSuchMethodError'{0x00000000ebfc8400}: static Lorg/eclipse/m2e/core/internal/project/registry/MavenProjectFacade$MavenProjectConfiguration;.<clinit>()V> (0x00000000ebfc8400) 
thrown [s\src\hotspot\share\prims\jni.cpp, line 1112]
Event: 3.336 Thread 0x000002174c9ad0a0 Exception <a 'java/lang/NoSuchMethodError'{0x00000000eb0e2700}: 'java.lang.Object java.lang.invoke.DirectMethodHandle$Holder.newInvokeSpecial(java.lang.Object, int, java.lang.Object, java.lang.Object)'> (0x00000000eb0e2700) 
thrown [s\src\hotspot\share\interpreter\linkResolver.cpp, line 759]
Event: 3.468 Thread 0x000002174c9ad0a0 Exception <a 'java/lang/ClassNotFoundException'{0x00000000eba6eb58}: com/sun/org/apache/xerces/internal/impl/msg/spi/DOMMessagesProvider> (0x00000000eba6eb58) 
thrown [s\src\hotspot\share\classfile\systemDictionary.cpp, line 256]
Event: 3.469 Thread 0x000002174c9ad0a0 Exception <a 'java/lang/ClassNotFoundException'{0x00000000eba80290}: com/sun/org/apache/xerces/internal/impl/msg/spi/XMLSerializerMessagesProvider> (0x00000000eba80290) 
thrown [s\src\hotspot\share\classfile\systemDictionary.cpp, line 256]
Event: 3.469 Thread 0x000002174c9ad0a0 Exception <a 'java/lang/ClassNotFoundException'{0x00000000eba8d518}: com/sun/org/apache/xerces/internal/impl/msg/spi/XMLMessagesProvider> (0x00000000eba8d518) 
thrown [s\src\hotspot\share\classfile\systemDictionary.cpp, line 256]

VM Operations (20 events):
Event: 2.383 Executing VM operation: HandshakeAllThreads
Event: 2.383 Executing VM operation: HandshakeAllThreads done
Event: 2.397 Executing VM operation: HandshakeAllThreads
Event: 2.397 Executing VM operation: HandshakeAllThreads done
Event: 2.503 Executing VM operation: ICBufferFull
Event: 2.503 Executing VM operation: ICBufferFull done
Event: 2.528 Executing VM operation: ParallelGCFailedAllocation
Event: 2.530 Executing VM operation: ParallelGCFailedAllocation done
Event: 2.787 Executing VM operation: HandshakeAllThreads
Event: 2.787 Executing VM operation: HandshakeAllThreads done
Event: 2.787 Executing VM operation: HandshakeAllThreads
Event: 2.787 Executing VM operation: HandshakeAllThreads done
Event: 2.959 Executing VM operation: ParallelGCFailedAllocation
Event: 2.961 Executing VM operation: ParallelGCFailedAllocation done
Event: 3.136 Executing VM operation: ParallelGCFailedAllocation
Event: 3.138 Executing VM operation: ParallelGCFailedAllocation done
Event: 3.324 Executing VM operation: ParallelGCFailedAllocation
Event: 3.329 Executing VM operation: ParallelGCFailedAllocation done
Event: 3.442 Executing VM operation: HandshakeAllThreads
Event: 3.442 Executing VM operation: HandshakeAllThreads done

Events (20 events):
Event: 3.469 loading class com/sun/org/apache/xerces/internal/impl/msg/XMLSerializerMessages_en done
Event: 3.469 loading class com/sun/org/apache/xerces/internal/impl/msg/XMLSerializerMessages_en_IN
Event: 3.469 loading class com/sun/org/apache/xerces/internal/impl/msg/XMLSerializerMessages_en_IN done
Event: 3.469 loading class com/sun/org/apache/xerces/internal/impl/msg/XMLSerializerMessages_en_IN
Event: 3.469 loading class com/sun/org/apache/xerces/internal/impl/msg/XMLSerializerMessages_en_IN done
Event: 3.469 loading class com/sun/org/apache/xerces/internal/impl/msg/XMLMessages
Event: 3.469 loading class com/sun/org/apache/xerces/internal/impl/msg/XMLMessages done
Event: 3.469 loading class com/sun/org/apache/xerces/internal/impl/msg/XMLMessages
Event: 3.469 loading class com/sun/org/apache/xerces/internal/impl/msg/XMLMessages done
Event: 3.471 loading class com/sun/org/apache/xerces/internal/impl/msg/XMLMessages_en
Event: 3.471 loading class com/sun/org/apache/xerces/internal/impl/msg/XMLMessages_en done
Event: 3.471 loading class com/sun/org/apache/xerces/internal/impl/msg/XMLMessages_en
Event: 3.471 loading class com/sun/org/apache/xerces/internal/impl/msg/XMLMessages_en done
Event: 3.471 loading class com/sun/org/apache/xerces/internal/impl/msg/XMLMessages_en_IN
Event: 3.471 loading class com/sun/org/apache/xerces/internal/impl/msg/XMLMessages_en_IN done
Event: 3.471 loading class com/sun/org/apache/xerces/internal/impl/msg/XMLMessages_en_IN
Event: 3.471 loading class com/sun/org/apache/xerces/internal/impl/msg/XMLMessages_en_IN done
Event: 3.485 Thread 0x000002174d0f78c0 Thread added: 0x000002174d0f78c0
Event: 3.487 loading class java/net/Authenticator
Event: 3.487 loading class java/net/Authenticator done


Dynamic libraries:
0x00007ff6a14c0000 - 0x00007ff6a14ce000 	c:\Users\HARSHAD\.vscode\extensions\redhat.java-1.32.0-win32-x64\jre\17.0.11-win32-x86_64\bin\java.exe
0x00007ff901fb0000 - 0x00007ff9021c7000 	C:\WINDOWS\SYSTEM32\ntdll.dll
0x00007ff900470000 - 0x00007ff900534000 	C:\WINDOWS\System32\KERNEL32.DLL
0x00007ff8ff480000 - 0x00007ff8ff82d000 	C:\WINDOWS\System32\KERNELBASE.dll
0x00007ff8f8720000 - 0x00007ff8f87b7000 	C:\WINDOWS\SYSTEM32\apphelp.dll
0x00007ff8ff990000 - 0x00007ff8ffaa1000 	C:\WINDOWS\System32\ucrtbase.dll
0x00007ff8f1a20000 - 0x00007ff8f1a37000 	c:\Users\HARSHAD\.vscode\extensions\redhat.java-1.32.0-win32-x64\jre\17.0.11-win32-x86_64\bin\jli.dll
0x00007ff8f79f0000 - 0x00007ff8f7a0b000 	c:\Users\HARSHAD\.vscode\extensions\redhat.java-1.32.0-win32-x64\jre\17.0.11-win32-x86_64\bin\VCRUNTIME140.dll
0x00007ff9019c0000 - 0x00007ff901b6e000 	C:\WINDOWS\System32\USER32.dll
0x00007ff8ffab0000 - 0x00007ff8ffad6000 	C:\WINDOWS\System32\win32u.dll
0x00007ff8eeff0000 - 0x00007ff8ef283000 	C:\WINDOWS\WinSxS\amd64_microsoft.windows.common-controls_6595b64144ccf1df_6.0.22621.3672_none_2713b9d173822955\COMCTL32.dll
0x00007ff8ffdf0000 - 0x00007ff8ffe19000 	C:\WINDOWS\System32\GDI32.dll
0x00007ff8ff2e0000 - 0x00007ff8ff3f9000 	C:\WINDOWS\System32\gdi32full.dll
0x00007ff901ec0000 - 0x00007ff901f67000 	C:\WINDOWS\System32\msvcrt.dll
0x00007ff8ffc50000 - 0x00007ff8ffcea000 	C:\WINDOWS\System32\msvcp_win.dll
0x00007ff901220000 - 0x00007ff901251000 	C:\WINDOWS\System32\IMM32.DLL
0x00007ff8fc3d0000 - 0x00007ff8fc3dc000 	c:\Users\HARSHAD\.vscode\extensions\redhat.java-1.32.0-win32-x64\jre\17.0.11-win32-x86_64\bin\vcruntime140_1.dll
0x00007ff8eea00000 - 0x00007ff8eea8d000 	c:\Users\HARSHAD\.vscode\extensions\redhat.java-1.32.0-win32-x64\jre\17.0.11-win32-x86_64\bin\msvcp140.dll
0x00007ff8af5f0000 - 0x00007ff8b0252000 	c:\Users\HARSHAD\.vscode\extensions\redhat.java-1.32.0-win32-x64\jre\17.0.11-win32-x86_64\bin\server\jvm.dll
0x00007ff9012e0000 - 0x00007ff901392000 	C:\WINDOWS\System32\ADVAPI32.dll
0x00007ff900210000 - 0x00007ff9002b9000 	C:\WINDOWS\System32\sechost.dll
0x00007ff8ff830000 - 0x00007ff8ff858000 	C:\WINDOWS\System32\bcrypt.dll
0x00007ff9000f0000 - 0x00007ff900204000 	C:\WINDOWS\System32\RPCRT4.dll
0x00007ff8cd560000 - 0x00007ff8cd569000 	C:\WINDOWS\SYSTEM32\WSOCK32.dll
0x00007ff8f9150000 - 0x00007ff8f9184000 	C:\WINDOWS\SYSTEM32\WINMM.dll
0x00007ff901de0000 - 0x00007ff901e51000 	C:\WINDOWS\System32\WS2_32.dll
0x00007ff8ff1a0000 - 0x00007ff8ff1ed000 	C:\WINDOWS\SYSTEM32\POWRPROF.dll
0x00007ff8f8710000 - 0x00007ff8f871a000 	C:\WINDOWS\SYSTEM32\VERSION.dll
0x00007ff8ff180000 - 0x00007ff8ff193000 	C:\WINDOWS\SYSTEM32\UMPDC.dll
0x00007ff8fe2e0000 - 0x00007ff8fe2f8000 	C:\WINDOWS\SYSTEM32\kernel.appcore.dll
0x00007ff8f9f60000 - 0x00007ff8f9f6a000 	c:\Users\HARSHAD\.vscode\extensions\redhat.java-1.32.0-win32-x64\jre\17.0.11-win32-x86_64\bin\jimage.dll
0x00007ff8f5840000 - 0x00007ff8f5a72000 	C:\WINDOWS\SYSTEM32\DBGHELP.DLL
0x00007ff901550000 - 0x00007ff9018d8000 	C:\WINDOWS\System32\combase.dll
0x00007ff9018e0000 - 0x00007ff9019b7000 	C:\WINDOWS\System32\OLEAUT32.dll
0x00007ff8ed210000 - 0x00007ff8ed242000 	C:\WINDOWS\SYSTEM32\dbgcore.DLL
0x00007ff8ff400000 - 0x00007ff8ff47b000 	C:\WINDOWS\System32\bcryptPrimitives.dll
0x00007ff8f97c0000 - 0x00007ff8f97ce000 	c:\Users\HARSHAD\.vscode\extensions\redhat.java-1.32.0-win32-x64\jre\17.0.11-win32-x86_64\bin\instrument.dll
0x00007ff8f1950000 - 0x00007ff8f1975000 	c:\Users\HARSHAD\.vscode\extensions\redhat.java-1.32.0-win32-x64\jre\17.0.11-win32-x86_64\bin\java.dll
0x00007ff8f0b60000 - 0x00007ff8f0b78000 	c:\Users\HARSHAD\.vscode\extensions\redhat.java-1.32.0-win32-x64\jre\17.0.11-win32-x86_64\bin\zip.dll
0x00007ff9009c0000 - 0x00007ff90121f000 	C:\WINDOWS\System32\SHELL32.dll
0x00007ff8fd1b0000 - 0x00007ff8fdaac000 	C:\WINDOWS\SYSTEM32\windows.storage.dll
0x00007ff8fd070000 - 0x00007ff8fd1af000 	C:\WINDOWS\SYSTEM32\wintypes.dll
0x00007ff8ffe20000 - 0x00007ff8fff14000 	C:\WINDOWS\System32\SHCORE.dll
0x00007ff901460000 - 0x00007ff9014be000 	C:\WINDOWS\System32\shlwapi.dll
0x00007ff8ff210000 - 0x00007ff8ff231000 	C:\WINDOWS\SYSTEM32\profapi.dll
0x00007ff8ee9e0000 - 0x00007ff8ee9f9000 	C:\Users\HARSHAD\.vscode\extensions\redhat.java-1.32.0-win32-x64\jre\17.0.11-win32-x86_64\bin\net.dll
0x00007ff8faf00000 - 0x00007ff8fb036000 	C:\WINDOWS\SYSTEM32\WINHTTP.dll
0x00007ff8fe760000 - 0x00007ff8fe7c9000 	C:\WINDOWS\system32\mswsock.dll
0x00007ff8ee9c0000 - 0x00007ff8ee9d6000 	C:\Users\HARSHAD\.vscode\extensions\redhat.java-1.32.0-win32-x64\jre\17.0.11-win32-x86_64\bin\nio.dll
0x00007ff8f79e0000 - 0x00007ff8f79f0000 	c:\Users\HARSHAD\.vscode\extensions\redhat.java-1.32.0-win32-x64\jre\17.0.11-win32-x86_64\bin\verify.dll
0x00007ff8d6550000 - 0x00007ff8d6594000 	C:\Users\HARSHAD\AppData\Roaming\Code\User\globalStorage\redhat.java\1.32.0\config_win\org.eclipse.equinox.launcher\org.eclipse.equinox.launcher.win32.win32.x86_64_1.2.1100.v20240613-2013\eclipse_11903.dll
0x00007ff9002c0000 - 0x00007ff900465000 	C:\WINDOWS\System32\ole32.dll

dbghelp: loaded successfully - version: 4.0.5 - missing functions: none
symbol engine: initialized successfully - sym options: 0x614 - pdb path: .;c:\Users\HARSHAD\.vscode\extensions\redhat.java-1.32.0-win32-x64\jre\17.0.11-win32-x86_64\bin;C:\WINDOWS\SYSTEM32;C:\WINDOWS\WinSxS\amd64_microsoft.windows.common-controls_6595b64144ccf1df_6.0.22621.3672_none_2713b9d173822955;c:\Users\HARSHAD\.vscode\extensions\redhat.java-1.32.0-win32-x64\jre\17.0.11-win32-x86_64\bin\server;C:\Users\HARSHAD\AppData\Roaming\Code\User\globalStorage\redhat.java\1.32.0\config_win\org.eclipse.equinox.launcher\org.eclipse.equinox.launcher.win32.win32.x86_64_1.2.1100.v20240613-2013

VM Arguments:
jvm_args: --add-modules=ALL-SYSTEM --add-opens=java.base/java.util=ALL-UNNAMED --add-opens=java.base/java.lang=ALL-UNNAMED --add-opens=java.base/sun.nio.fs=ALL-UNNAMED -Declipse.application=org.eclipse.jdt.ls.core.id1 -Dosgi.bundles.defaultStartLevel=4 -Declipse.product=org.eclipse.jdt.ls.core.product -Djava.import.generatesMetadataFilesAtProjectRoot=false -DDetectVMInstallationsJob.disabled=true -Dfile.encoding=utf8 -XX:+UseParallelGC -XX:GCTimeRatio=4 -XX:AdaptiveSizePolicyWeight=90 -Dsun.zip.disableMemoryMapping=true -Xmx1G -Xms100m -Xlog:disable -javaagent:c:\Users\HARSHAD\.vscode\extensions\redhat.java-1.32.0-win32-x64\lombok\lombok-1.18.33.jar -XX:+HeapDumpOnOutOfMemoryError -XX:HeapDumpPath=c:\Users\HARSHAD\AppData\Roaming\Code\User\workspaceStorage\46e0f23759ab3be43eef7f42eb58a600\redhat.java -Daether.dependencyCollector.impl=bf 
java_command: c:\Users\HARSHAD\.vscode\extensions\redhat.java-1.32.0-win32-x64\server\plugins\org.eclipse.equinox.launcher_1.6.900.v20240613-2009.jar -configuration c:\Users\HARSHAD\AppData\Roaming\Code\User\globalStorage\redhat.java\1.32.0\config_win -data c:\Users\HARSHAD\AppData\Roaming\Code\User\workspaceStorage\46e0f23759ab3be43eef7f42eb58a600\redhat.java\jdt_ws --pipe=\\.\pipe\lsp-b98c93e72b580983c82ed2d490939fc8-sock
java_class_path (initial): c:\Users\HARSHAD\.vscode\extensions\redhat.java-1.32.0-win32-x64\server\plugins\org.eclipse.equinox.launcher_1.6.900.v20240613-2009.jar
Launcher Type: SUN_STANDARD

[Global flags]
    uintx AdaptiveSizePolicyWeight                 = 90                                        {product} {command line}
     intx CICompilerCount                          = 4                                         {product} {ergonomic}
    uintx GCTimeRatio                              = 4                                         {product} {command line}
     bool HeapDumpOnOutOfMemoryError               = true                                   {manageable} {command line}
    ccstr HeapDumpPath                             = c:\Users\HARSHAD\AppData\Roaming\Code\User\workspaceStorage\46e0f23759ab3be43eef7f42eb58a600\redhat.java         {manageable} {command line}
   size_t InitialHeapSize                          = 104857600                                 {product} {command line}
   size_t MaxHeapSize                              = 1073741824                                {product} {command line}
   size_t MaxNewSize                               = 357564416                                 {product} {ergonomic}
   size_t MinHeapDeltaBytes                        = 524288                                    {product} {ergonomic}
   size_t MinHeapSize                              = 104857600                                 {product} {command line}
   size_t NewSize                                  = 34603008                                  {product} {ergonomic}
    uintx NonNMethodCodeHeapSize                   = 5839372                                {pd product} {ergonomic}
    uintx NonProfiledCodeHeapSize                  = 122909434                              {pd product} {ergonomic}
   size_t OldSize                                  = 70254592                                  {product} {ergonomic}
    uintx ProfiledCodeHeapSize                     = 122909434                              {pd product} {ergonomic}
    uintx ReservedCodeCacheSize                    = 251658240                              {pd product} {ergonomic}
     bool SegmentedCodeCache                       = true                                      {product} {ergonomic}
   size_t SoftMaxHeapSize                          = 1073741824                             {manageable} {ergonomic}
     bool UseCompressedClassPointers               = true                           {product lp64_product} {ergonomic}
     bool UseCompressedOops                        = true                           {product lp64_product} {ergonomic}
     bool UseLargePagesIndividualAllocation        = false                                  {pd product} {ergonomic}
     bool UseParallelGC                            = true                                      {product} {command line}

Logging:
Log output configuration:
 #0: stdout all=off uptime,level,tags
 #1: stderr all=off uptime,level,tags

Environment Variables:
JAVA_HOME=C:\Program Files\Java\jdk1.8.0_202
PATH=C:\Program Files\Java\jdk1.8.0_202\bin;C:\Program Files\Scripts\;C:\Program Files\;C:\Program Files\Git\bin;C:\Program Files (x86)\Common Files\Intel\Shared Libraries\redist\intel64\compiler;C:\windows\system32;C:\windows;C:\windows\System32\Wbem;C:\windows\System32\WindowsPowerShell\v1.0\;C:\windows\System32\OpenSSH\;C:\Program Files (x86)\NVIDIA Corporation\PhysX\Common;C:\Program Files\NVIDIA Corporation\NVIDIA NvDLISR;C:\MinGW\bin;C:\MinGW\msys\1.0\bin;C:\Program Files\CodeBlocks\MinGW\bin;C:\WINDOWS\system32;C:\WINDOWS;C:\WINDOWS\System32\Wbem;C:\WINDOWS\System32\WindowsPowerShell\v1.0\;C:\WINDOWS\System32\OpenSSH\;C:\MinGW\bin;C:\Program Files\dotnet\;C:\src\flutter\bin;C:\Program Files\Android\Android Studio\jbr;C:\Program Files\Git\cmd;C:\Program Files (x86)\Windows Kits\10\Windows Performance Toolkit\;C:\Program Files\Maven\apache-maven-3.9.7\bin;C:\Users\HARSHAD\AppData\Local\Microsoft\WindowsApps;C:\MinGW\bin;C:\MinGW\msys\1.0\bin;C:\Users\HARSHAD\AppData\Local\Programs\Microsoft VS Code\bin;C:\Users\HARSHAD\.dotnet\tools;C:\Users\HARSHAD\AppData\Local\GitHubDesktop\bin;C:\Users\HARSHAD\AppData\Roaming\Python\Python312\Scripts;C:\Program Files\Java\jdk-20\bin;C:\Program Files\Maven\apache-maven-3.9.7\bin;
USERNAME=HARSHAD
OS=Windows_NT
PROCESSOR_IDENTIFIER=AMD64 Family 25 Model 80 Stepping 0, AuthenticAMD
TMP=C:\Users\HARSHAD\AppData\Local\Temp
TEMP=C:\Users\HARSHAD\AppData\Local\Temp



Periodic native trim disabled


---------------  S Y S T E M  ---------------

OS:
 Windows 11 , 64 bit Build 22621 (10.0.22621.3672)
OS uptime: 1 days 22:21 hours
Hyper-V role detected

CPU: total 12 (initial active 12) (12 cores per cpu, 2 threads per core) family 25 model 80 stepping 0 microcode 0x0, cx8, cmov, fxsr, ht, mmx, 3dnowpref, sse, sse2, sse3, ssse3, sse4a, sse4.1, sse4.2, popcnt, lzcnt, tsc, tscinvbit, avx, avx2, aes, erms, clmul, bmi1, bmi2, adx, sha, fma, vzeroupper, clflush, clflushopt, hv
Processor Information for all 12 processors :
  Max Mhz: 3301, Current Mhz: 3301, Mhz Limit: 3301

Memory: 4k page, system-wide physical 7519M (822M free)
TotalPageFile size 31071M (AvailPageFile size 5M)
current process WorkingSet (physical memory assigned to process): 160M, peak: 160M
current process commit charge ("private bytes"): 265M, peak: 267M

vm_info: OpenJDK 64-Bit Server VM (17.0.11+9) for windows-amd64 JRE (17.0.11+9), built on Apr 17 2024 06:07:48 by "admin" with MS VC++ 16.10 / 16.11 (VS2019)

END.
