#
# There is insufficient memory for the Java Runtime Environment to continue.
# Native memory allocation (malloc) failed to allocate 1509040 bytes. Error detail: Chunk::new
# Possible reasons:
#   The system is out of physical RAM or swap space
#   This process is running with CompressedOops enabled, and the Java Heap may be blocking the growth of the native heap
# Possible solutions:
#   Reduce memory load on the system
#   Increase physical memory or swap space
#   Check if swap backing store is full
#   Decrease Java heap size (-Xmx/-Xms)
#   Decrease number of Java threads
#   Decrease Java thread stack sizes (-Xss)
#   Set larger code cache with -XX:ReservedCodeCacheSize=
#   JVM is running with Unscaled Compressed Oops mode in which the Java heap is
#     placed in the first 4GB address space. The Java Heap base address is the
#     maximum limit for the native heap growth. Please use -XX:HeapBaseMinAddress
#     to set the Java Heap base and to place the Java Heap above 4GB virtual address.
# This output file may be truncated or incomplete.
#
#  Out of Memory Error (arena.cpp:191), pid=21464, tid=27276
#
# JRE version: OpenJDK Runtime Environment Temurin-17.0.11+9 (17.0.11+9) (build 17.0.11+9)
# Java VM: OpenJDK 64-Bit Server VM Temurin-17.0.11+9 (17.0.11+9, mixed mode, tiered, compressed oops, compressed class ptrs, parallel gc, windows-amd64)
# No core dump will be written. Minidumps are not enabled by default on client versions of Windows
#

---------------  S U M M A R Y ------------

Command Line: --add-modules=ALL-SYSTEM --add-opens=java.base/java.util=ALL-UNNAMED --add-opens=java.base/java.lang=ALL-UNNAMED --add-opens=java.base/sun.nio.fs=ALL-UNNAMED -Declipse.application=org.eclipse.jdt.ls.core.id1 -Dosgi.bundles.defaultStartLevel=4 -Declipse.product=org.eclipse.jdt.ls.core.product -Djava.import.generatesMetadataFilesAtProjectRoot=false -DDetectVMInstallationsJob.disabled=true -Dfile.encoding=utf8 -XX:+UseParallelGC -XX:GCTimeRatio=4 -XX:AdaptiveSizePolicyWeight=90 -Dsun.zip.disableMemoryMapping=true -Xmx1G -Xms100m -Xlog:disable -javaagent:c:\Users\HARSHAD\.vscode\extensions\redhat.java-1.32.0-win32-x64\lombok\lombok-1.18.33.jar -XX:+HeapDumpOnOutOfMemoryError -XX:HeapDumpPath=c:\Users\HARSHAD\AppData\Roaming\Code\User\workspaceStorage\46e0f23759ab3be43eef7f42eb58a600\redhat.java -Daether.dependencyCollector.impl=bf c:\Users\HARSHAD\.vscode\extensions\redhat.java-1.32.0-win32-x64\server\plugins\org.eclipse.equinox.launcher_1.6.900.v20240613-2009.jar -configuration c:\Users\HARSHAD\AppData\Roaming\Code\User\globalStorage\redhat.java\1.32.0\config_win -data c:\Users\HARSHAD\AppData\Roaming\Code\User\workspaceStorage\46e0f23759ab3be43eef7f42eb58a600\redhat.java\jdt_ws --pipe=\\.\pipe\lsp-bf42142710d3215f73daca34051d2afd-sock

Host: AMD Ryzen 5 5600H with Radeon Graphics         , 12 cores, 7G,  Windows 11 , 64 bit Build 22621 (10.0.22621.3672)
Time: Fri Jul  5 01:41:31 2024 India Standard Time elapsed time: 7.828369 seconds (0d 0h 0m 7s)

---------------  T H R E A D  ---------------

Current thread (0x000001b5017795a0):  JavaThread "C2 CompilerThread1" daemon [_thread_in_native, id=27276, stack(0x000000b0b1000000,0x000000b0b1100000)]


Current CompileTask:
C2:   7828 6240   !   4       org.eclipse.osgi.internal.loader.BundleLoader::findClass0 (470 bytes)

Stack: [0x000000b0b1000000,0x000000b0b1100000]
Native frames: (J=compiled Java code, j=interpreted, Vv=VM code, C=native code)
V  [jvm.dll+0x67d429]
V  [jvm.dll+0x834b7a]
V  [jvm.dll+0x83663e]
V  [jvm.dll+0x836ca3]
V  [jvm.dll+0x247dbf]
V  [jvm.dll+0xac534]
V  [jvm.dll+0xacb7c]
V  [jvm.dll+0x366647]
V  [jvm.dll+0x1bd272]
V  [jvm.dll+0x21a5c9]
V  [jvm.dll+0x2198b1]
V  [jvm.dll+0x1a534d]
V  [jvm.dll+0x2295cd]
V  [jvm.dll+0x22779c]
V  [jvm.dll+0x7e9d07]
V  [jvm.dll+0x7e410a]
V  [jvm.dll+0x67c315]
C  [ucrtbase.dll+0x29333]
C  [KERNEL32.DLL+0x1257d]
C  [ntdll.dll+0x5af28]


---------------  P R O C E S S  ---------------

Threads class SMR info:
_java_thread_list=0x000001b50204e4a0, length=45, elements={
0x000001b565676230, 0x000001b57e5f7020, 0x000001b57e5fa8e0, 0x000001b5794e9f80,
0x000001b5794eae00, 0x000001b5794ee230, 0x000001b57e61aae0, 0x000001b57e61f380,
0x000001b57e621440, 0x000001b57e6224f0, 0x000001b57e74b000, 0x000001b57e8e52e0,
0x000001b500906a20, 0x000001b500afe690, 0x000001b5008cd710, 0x000001b5010b7660,
0x000001b500c5a660, 0x000001b500c33cb0, 0x000001b50141d6b0, 0x000001b501420440,
0x000001b50141dbc0, 0x000001b5017795a0, 0x000001b50141fa20, 0x000001b50141e0d0,
0x000001b501420950, 0x000001b50141ff30, 0x000001b50141d1a0, 0x000001b50141e5e0,
0x000001b50141eaf0, 0x000001b5046187b0, 0x000001b50461bf60, 0x000001b50461ba50,
0x000001b5046182a0, 0x000001b50461c470, 0x000001b50461e2d0, 0x000001b5046191d0,
0x000001b504618cc0, 0x000001b50461ddc0, 0x000001b50461e7e0, 0x000001b50461ce90,
0x000001b50461d3a0, 0x000001b504619bf0, 0x000001b50446c660, 0x000001b50461d8b0,
0x000001b50461a610
}

Java Threads: ( => current thread )
  0x000001b565676230 JavaThread "main" [_thread_blocked, id=31800, stack(0x000000b0aef00000,0x000000b0af000000)]
  0x000001b57e5f7020 JavaThread "Reference Handler" daemon [_thread_blocked, id=29488, stack(0x000000b0af200000,0x000000b0af300000)]
  0x000001b57e5fa8e0 JavaThread "Finalizer" daemon [_thread_blocked, id=24020, stack(0x000000b0af300000,0x000000b0af400000)]
  0x000001b5794e9f80 JavaThread "Signal Dispatcher" daemon [_thread_blocked, id=6832, stack(0x000000b0af400000,0x000000b0af500000)]
  0x000001b5794eae00 JavaThread "Attach Listener" daemon [_thread_blocked, id=19908, stack(0x000000b0af500000,0x000000b0af600000)]
  0x000001b5794ee230 JavaThread "Service Thread" daemon [_thread_blocked, id=15180, stack(0x000000b0af600000,0x000000b0af700000)]
  0x000001b57e61aae0 JavaThread "Monitor Deflation Thread" daemon [_thread_blocked, id=22252, stack(0x000000b0af700000,0x000000b0af800000)]
  0x000001b57e61f380 JavaThread "C2 CompilerThread0" daemon [_thread_in_native, id=14920, stack(0x000000b0af800000,0x000000b0af900000)]
  0x000001b57e621440 JavaThread "C1 CompilerThread0" daemon [_thread_blocked, id=16860, stack(0x000000b0af900000,0x000000b0afa00000)]
  0x000001b57e6224f0 JavaThread "Sweeper thread" daemon [_thread_blocked, id=4168, stack(0x000000b0afa00000,0x000000b0afb00000)]
  0x000001b57e74b000 JavaThread "Common-Cleaner" daemon [_thread_blocked, id=27116, stack(0x000000b0afb00000,0x000000b0afc00000)]
  0x000001b57e8e52e0 JavaThread "Notification Thread" daemon [_thread_blocked, id=4356, stack(0x000000b0afd00000,0x000000b0afe00000)]
  0x000001b500906a20 JavaThread "Active Thread: Equinox Container: b39f6f67-b14e-49e5-a624-736ef7031960" [_thread_blocked, id=8400, stack(0x000000b0b0500000,0x000000b0b0600000)]
  0x000001b500afe690 JavaThread "Framework Event Dispatcher: Equinox Container: b39f6f67-b14e-49e5-a624-736ef7031960" daemon [_thread_blocked, id=32368, stack(0x000000b0b0600000,0x000000b0b0700000)]
  0x000001b5008cd710 JavaThread "Start Level: Equinox Container: b39f6f67-b14e-49e5-a624-736ef7031960" daemon [_thread_blocked, id=11972, stack(0x000000b0b0700000,0x000000b0b0800000)]
  0x000001b5010b7660 JavaThread "Bundle File Closer" daemon [_thread_blocked, id=11360, stack(0x000000b0b0900000,0x000000b0b0a00000)]
  0x000001b500c5a660 JavaThread "SCR Component Actor" daemon [_thread_blocked, id=27592, stack(0x000000b0b0b00000,0x000000b0b0c00000)]
  0x000001b500c33cb0 JavaThread "SCR Component Registry" daemon [_thread_blocked, id=31964, stack(0x000000b0b0c00000,0x000000b0b0d00000)]
  0x000001b50141d6b0 JavaThread "Worker-JM" [_thread_blocked, id=26392, stack(0x000000b0afc00000,0x000000b0afd00000)]
  0x000001b501420440 JavaThread "Worker-0: Initialize workspace" [_thread_blocked, id=3868, stack(0x000000b0b0e00000,0x000000b0b0f00000)]
  0x000001b50141dbc0 JavaThread "Worker-1" [_thread_blocked, id=21468, stack(0x000000b0b0f00000,0x000000b0b1000000)]
=>0x000001b5017795a0 JavaThread "C2 CompilerThread1" daemon [_thread_in_native, id=27276, stack(0x000000b0b1000000,0x000000b0b1100000)]
  0x000001b50141fa20 JavaThread "Java indexing" daemon [_thread_blocked, id=13420, stack(0x000000b0b1100000,0x000000b0b1200000)]
  0x000001b50141e0d0 JavaThread "JNA Cleaner" daemon [_thread_blocked, id=8784, stack(0x000000b0b1200000,0x000000b0b1300000)]
  0x000001b501420950 JavaThread "Thread-2" daemon [_thread_in_native, id=15668, stack(0x000000b0b1300000,0x000000b0b1400000)]
  0x000001b50141ff30 JavaThread "Thread-3" daemon [_thread_in_native, id=24952, stack(0x000000b0b1400000,0x000000b0b1500000)]
  0x000001b50141d1a0 JavaThread "Thread-4" daemon [_thread_in_native, id=3904, stack(0x000000b0b1500000,0x000000b0b1600000)]
  0x000001b50141e5e0 JavaThread "Thread-5" daemon [_thread_in_native, id=32588, stack(0x000000b0b1600000,0x000000b0b1700000)]
  0x000001b50141eaf0 JavaThread "Thread-6" daemon [_thread_in_native, id=6944, stack(0x000000b0b1700000,0x000000b0b1800000)]
  0x000001b5046187b0 JavaThread "Thread-7" daemon [_thread_in_native, id=29484, stack(0x000000b0b1800000,0x000000b0b1900000)]
  0x000001b50461bf60 JavaThread "Thread-8" daemon [_thread_in_native, id=24708, stack(0x000000b0b1900000,0x000000b0b1a00000)]
  0x000001b50461ba50 JavaThread "Thread-9" daemon [_thread_in_native, id=28140, stack(0x000000b0b1a00000,0x000000b0b1b00000)]
  0x000001b5046182a0 JavaThread "Thread-10" daemon [_thread_in_native, id=2580, stack(0x000000b0b1b00000,0x000000b0b1c00000)]
  0x000001b50461c470 JavaThread "Thread-11" daemon [_thread_in_native, id=31296, stack(0x000000b0b1c00000,0x000000b0b1d00000)]
  0x000001b50461e2d0 JavaThread "Thread-12" daemon [_thread_in_native, id=9004, stack(0x000000b0b1d00000,0x000000b0b1e00000)]
  0x000001b5046191d0 JavaThread "Thread-13" daemon [_thread_in_native, id=21964, stack(0x000000b0b1e00000,0x000000b0b1f00000)]
  0x000001b504618cc0 JavaThread "Thread-14" daemon [_thread_in_native, id=14860, stack(0x000000b0b1f00000,0x000000b0b2000000)]
  0x000001b50461ddc0 JavaThread "pool-2-thread-1" [_thread_blocked, id=21912, stack(0x000000b0b2000000,0x000000b0b2100000)]
  0x000001b50461e7e0 JavaThread "Worker-2" [_thread_blocked, id=22608, stack(0x000000b0b2100000,0x000000b0b2200000)]
  0x000001b50461ce90 JavaThread "WorkspaceEventsHandler" [_thread_blocked, id=23468, stack(0x000000b0b2200000,0x000000b0b2300000)]
  0x000001b50461d3a0 JavaThread "pool-1-thread-1" [_thread_in_vm, id=22972, stack(0x000000b0b2300000,0x000000b0b2400000)]
  0x000001b504619bf0 JavaThread "Worker-3" [_thread_blocked, id=9248, stack(0x000000b0b2400000,0x000000b0b2500000)]
  0x000001b50446c660 JavaThread "C2 CompilerThread2" daemon [_thread_in_native, id=31384, stack(0x000000b0b2600000,0x000000b0b2700000)]
  0x000001b50461d8b0 JavaThread "ForkJoinPool.commonPool-worker-1" daemon [_thread_blocked, id=6656, stack(0x000000b0b2700000,0x000000b0b2800000)]
  0x000001b50461a610 JavaThread "Keep-Alive-Timer" daemon [_thread_blocked, id=11368, stack(0x000000b0b2800000,0x000000b0b2900000)]

Other Threads:
  0x000001b5656f9190 VMThread "VM Thread" [stack: 0x000000b0af100000,0x000000b0af200000] [id=23600]
  0x000001b57e8e57c0 WatcherThread [stack: 0x000000b0afe00000,0x000000b0aff00000] [id=1688]
  0x000001b565689f80 GCTaskThread "GC Thread#0" [stack: 0x000000b0af000000,0x000000b0af100000] [id=8272]
  0x000001b5004f7970 GCTaskThread "GC Thread#1" [stack: 0x000000b0aff00000,0x000000b0b0000000] [id=31156]
  0x000001b5007f14b0 GCTaskThread "GC Thread#2" [stack: 0x000000b0b0000000,0x000000b0b0100000] [id=15324]
  0x000001b5007f1770 GCTaskThread "GC Thread#3" [stack: 0x000000b0b0100000,0x000000b0b0200000] [id=22936]
  0x000001b5007f1a30 GCTaskThread "GC Thread#4" [stack: 0x000000b0b0200000,0x000000b0b0300000] [id=15056]
  0x000001b5007f1cf0 GCTaskThread "GC Thread#5" [stack: 0x000000b0b0300000,0x000000b0b0400000] [id=29588]
  0x000001b5007f1fb0 GCTaskThread "GC Thread#6" [stack: 0x000000b0b0400000,0x000000b0b0500000] [id=26688]
  0x000001b50091c7f0 GCTaskThread "GC Thread#7" [stack: 0x000000b0b0800000,0x000000b0b0900000] [id=30092]
  0x000001b500d9a950 GCTaskThread "GC Thread#8" [stack: 0x000000b0b0a00000,0x000000b0b0b00000] [id=16864]
  0x000001b50149acb0 GCTaskThread "GC Thread#9" [stack: 0x000000b0b0d00000,0x000000b0b0e00000] [id=14520]

Threads with active compile tasks:
C2 CompilerThread0     7848 6334       4       com.google.gson.stream.JsonReader::nextQuotedValue (270 bytes)
C2 CompilerThread1     7848 6240   !   4       org.eclipse.osgi.internal.loader.BundleLoader::findClass0 (470 bytes)
C2 CompilerThread2     7848 6015   !   4       org.eclipse.osgi.internal.loader.classpath.ClasspathManager::defineClass (636 bytes)

VM state: not at safepoint (normal execution)

VM Mutex/Monitor currently owned by a thread: None

Heap address: 0x00000000c0000000, size: 1024 MB, Compressed Oops mode: 32-bit

CDS archive(s) not mapped
Compressed class space mapped at: 0x0000000100000000-0x0000000140000000, reserved size: 1073741824
Narrow klass base: 0x0000000000000000, Narrow klass shift: 3, Narrow klass range: 0x140000000

GC Precious Log:
 CPUs: 12 total, 12 available
 Memory: 7519M
 Large Page Support: Disabled
 NUMA Support: Disabled
 Compressed Oops: Enabled (32-bit)
 Alignments: Space 512K, Generation 512K, Heap 2M
 Heap Min Capacity: 100M
 Heap Initial Capacity: 100M
 Heap Max Capacity: 1G
 Pre-touch: Disabled
 Parallel Workers: 10

Heap:
 PSYoungGen      total 24576K, used 6312K [0x00000000eab00000, 0x00000000ec480000, 0x0000000100000000)
  eden space 22016K, 28% used [0x00000000eab00000,0x00000000eb12a1c0,0x00000000ec080000)
  from space 2560K, 0% used [0x00000000ec080000,0x00000000ec080000,0x00000000ec300000)
  to   space 1536K, 0% used [0x00000000ec300000,0x00000000ec300000,0x00000000ec480000)
 ParOldGen       total 68608K, used 23876K [0x00000000c0000000, 0x00000000c4300000, 0x00000000eab00000)
  object space 68608K, 34% used [0x00000000c0000000,0x00000000c17511c8,0x00000000c4300000)
 Metaspace       used 59241K, committed 60288K, reserved 1114112K
  class space    used 6557K, committed 6976K, reserved 1048576K

Card table byte_map: [0x000001b565010000,0x000001b565220000] _byte_map_base: 0x000001b564a10000

Marking Bits: (ParMarkBitMap*) 0x00007ff8b018d820
 Begin Bits: [0x000001b5772f0000, 0x000001b5782f0000)
 End Bits:   [0x000001b5782f0000, 0x000001b5792f0000)

Polling page: 0x000001b5635e0000

Metaspace:

Usage:
  Non-class:     51.45 MB used.
      Class:      6.40 MB used.
       Both:     57.85 MB used.

Virtual space:
  Non-class space:       64.00 MB reserved,      52.06 MB ( 81%) committed,  1 nodes.
      Class space:        1.00 GB reserved,       6.81 MB ( <1%) committed,  1 nodes.
             Both:        1.06 GB reserved,      58.88 MB (  5%) committed. 

Chunk freelists:
   Non-Class:  11.20 MB
       Class:  9.12 MB
        Both:  20.33 MB

MaxMetaspaceSize: unlimited
CompressedClassSpaceSize: 1.00 GB
Initial GC threshold: 21.00 MB
Current GC threshold: 97.31 MB
CDS: off
MetaspaceReclaimPolicy: balanced
 - commit_granule_bytes: 65536.
 - commit_granule_words: 8192.
 - virtual_space_node_default_size: 8388608.
 - enlarge_chunks_in_place: 1.
 - new_chunks_are_fully_committed: 0.
 - uncommit_free_chunks: 1.
 - use_allocation_guard: 0.
 - handle_deallocations: 1.


Internal statistics:

num_allocs_failed_limit: 11.
num_arena_births: 762.
num_arena_deaths: 14.
num_vsnodes_births: 2.
num_vsnodes_deaths: 0.
num_space_committed: 942.
num_space_uncommitted: 0.
num_chunks_returned_to_freelist: 25.
num_chunks_taken_from_freelist: 2970.
num_chunk_merges: 9.
num_chunk_splits: 1836.
num_chunks_enlarged: 1045.
num_inconsistent_stats: 0.

CodeHeap 'non-profiled nmethods': size=120000Kb used=2650Kb max_used=2650Kb free=117349Kb
 bounds [0x000001b56fdc0000, 0x000001b570060000, 0x000001b5772f0000]
CodeHeap 'profiled nmethods': size=120000Kb used=11255Kb max_used=11255Kb free=108744Kb
 bounds [0x000001b5682f0000, 0x000001b568df0000, 0x000001b56f820000]
CodeHeap 'non-nmethods': size=5760Kb used=1354Kb max_used=1385Kb free=4405Kb
 bounds [0x000001b56f820000, 0x000001b56fa90000, 0x000001b56fdc0000]
 total_blobs=6233 nmethods=5540 adapters=607
 compilation: enabled
              stopped_count=0, restarted_count=0
 full_count=0

Compilation events (20 events):
Event: 7.785 Thread 0x000001b57e621440 6328       2       com.google.gson.internal.bind.TypeAdapters$15::read (6 bytes)
Event: 7.785 Thread 0x000001b57e621440 nmethod 6328 0x000001b568de1410 code [0x000001b568de15a0, 0x000001b568de16c8]
Event: 7.785 Thread 0x000001b57e621440 6329       2       com.google.gson.internal.bind.TypeAdapters$15::read (38 bytes)
Event: 7.785 Thread 0x000001b57e621440 nmethod 6329 0x000001b568de1790 code [0x000001b568de1980, 0x000001b568de1bd8]
Event: 7.785 Thread 0x000001b57e621440 6340       1       java.net.JarURLConnection::getEntryName (5 bytes)
Event: 7.785 Thread 0x000001b57e621440 nmethod 6340 0x000001b570055b90 code [0x000001b570055d20, 0x000001b570055df8]
Event: 7.788 Thread 0x000001b57e61f380 nmethod 6316% 0x000001b570055e90 code [0x000001b570056020, 0x000001b570056438]
Event: 7.788 Thread 0x000001b57e61f380 6334       4       com.google.gson.stream.JsonReader::nextQuotedValue (270 bytes)
Event: 7.795 Thread 0x000001b57e621440 6347       3       org.eclipse.osgi.internal.loader.classpath.ClasspathManager::findLocalResourceImpl (174 bytes)
Event: 7.796 Thread 0x000001b57e621440 nmethod 6347 0x000001b568de1d10 code [0x000001b568de1f60, 0x000001b568de2ac8]
Event: 7.808 Thread 0x000001b57e621440 6348   !   3       java.lang.String::replace (258 bytes)
Event: 7.811 Thread 0x000001b57e621440 nmethod 6348 0x000001b568de2f10 code [0x000001b568de3400, 0x000001b568de5828]
Event: 7.812 Thread 0x000001b57e621440 6349       3       java.util.Collections$SetFromMap::<init> (39 bytes)
Event: 7.812 Thread 0x000001b57e621440 nmethod 6349 0x000001b568de6810 code [0x000001b568de6a00, 0x000001b568de6ee8]
Event: 7.813 Thread 0x000001b57e621440 6350       3       jdk.internal.loader.BuiltinClassLoader::findResource (48 bytes)
Event: 7.813 Thread 0x000001b57e621440 nmethod 6350 0x000001b568de7090 code [0x000001b568de7280, 0x000001b568de77b8]
Event: 7.817 Thread 0x000001b57e621440 6351       3       java.net.URL::fromURI (144 bytes)
Event: 7.818 Thread 0x000001b57e621440 nmethod 6351 0x000001b568de7990 code [0x000001b568de7c60, 0x000001b568de8988]
Event: 7.824 Thread 0x000001b57e621440 6352       3       java.util.ArrayDeque::poll (5 bytes)
Event: 7.824 Thread 0x000001b57e621440 nmethod 6352 0x000001b568de8e10 code [0x000001b568de8fa0, 0x000001b568de9148]

GC Heap History (20 events):
Event: 4.800 GC heap before
{Heap before GC invocations=15 (full 2):
 PSYoungGen      total 23552K, used 23529K [0x00000000eab00000, 0x00000000ec780000, 0x0000000100000000)
  eden space 22528K, 100% used [0x00000000eab00000,0x00000000ec100000,0x00000000ec100000)
  from space 1024K, 97% used [0x00000000ec680000,0x00000000ec77a558,0x00000000ec780000)
  to   space 1536K, 0% used [0x00000000ec480000,0x00000000ec480000,0x00000000ec600000)
 ParOldGen       total 68608K, used 15626K [0x00000000c0000000, 0x00000000c4300000, 0x00000000eab00000)
  object space 68608K, 22% used [0x00000000c0000000,0x00000000c0f42b50,0x00000000c4300000)
 Metaspace       used 41049K, committed 41984K, reserved 1114112K
  class space    used 4239K, committed 4672K, reserved 1048576K
}
Event: 4.804 GC heap after
{Heap after GC invocations=15 (full 2):
 PSYoungGen      total 23552K, used 720K [0x00000000eab00000, 0x00000000ec700000, 0x0000000100000000)
  eden space 22016K, 0% used [0x00000000eab00000,0x00000000eab00000,0x00000000ec080000)
  from space 1536K, 46% used [0x00000000ec480000,0x00000000ec534010,0x00000000ec600000)
  to   space 1024K, 0% used [0x00000000ec600000,0x00000000ec600000,0x00000000ec700000)
 ParOldGen       total 68608K, used 16542K [0x00000000c0000000, 0x00000000c4300000, 0x00000000eab00000)
  object space 68608K, 24% used [0x00000000c0000000,0x00000000c1027970,0x00000000c4300000)
 Metaspace       used 41049K, committed 41984K, reserved 1114112K
  class space    used 4239K, committed 4672K, reserved 1048576K
}
Event: 4.971 GC heap before
{Heap before GC invocations=16 (full 2):
 PSYoungGen      total 23552K, used 22736K [0x00000000eab00000, 0x00000000ec700000, 0x0000000100000000)
  eden space 22016K, 100% used [0x00000000eab00000,0x00000000ec080000,0x00000000ec080000)
  from space 1536K, 46% used [0x00000000ec480000,0x00000000ec534010,0x00000000ec600000)
  to   space 1024K, 0% used [0x00000000ec600000,0x00000000ec600000,0x00000000ec700000)
 ParOldGen       total 68608K, used 16542K [0x00000000c0000000, 0x00000000c4300000, 0x00000000eab00000)
  object space 68608K, 24% used [0x00000000c0000000,0x00000000c1027970,0x00000000c4300000)
 Metaspace       used 42865K, committed 43840K, reserved 1114112K
  class space    used 4479K, committed 4864K, reserved 1048576K
}
Event: 4.973 GC heap after
{Heap after GC invocations=16 (full 2):
 PSYoungGen      total 23040K, used 1024K [0x00000000eab00000, 0x00000000ec700000, 0x0000000100000000)
  eden space 22016K, 0% used [0x00000000eab00000,0x00000000eab00000,0x00000000ec080000)
  from space 1024K, 100% used [0x00000000ec600000,0x00000000ec700000,0x00000000ec700000)
  to   space 1536K, 0% used [0x00000000ec400000,0x00000000ec400000,0x00000000ec580000)
 ParOldGen       total 68608K, used 17102K [0x00000000c0000000, 0x00000000c4300000, 0x00000000eab00000)
  object space 68608K, 24% used [0x00000000c0000000,0x00000000c10b3970,0x00000000c4300000)
 Metaspace       used 42865K, committed 43840K, reserved 1114112K
  class space    used 4479K, committed 4864K, reserved 1048576K
}
Event: 5.221 GC heap before
{Heap before GC invocations=17 (full 2):
 PSYoungGen      total 23040K, used 23040K [0x00000000eab00000, 0x00000000ec700000, 0x0000000100000000)
  eden space 22016K, 100% used [0x00000000eab00000,0x00000000ec080000,0x00000000ec080000)
  from space 1024K, 100% used [0x00000000ec600000,0x00000000ec700000,0x00000000ec700000)
  to   space 1536K, 0% used [0x00000000ec400000,0x00000000ec400000,0x00000000ec580000)
 ParOldGen       total 68608K, used 17102K [0x00000000c0000000, 0x00000000c4300000, 0x00000000eab00000)
  object space 68608K, 24% used [0x00000000c0000000,0x00000000c10b3970,0x00000000c4300000)
 Metaspace       used 45204K, committed 46144K, reserved 1114112K
  class space    used 4785K, committed 5184K, reserved 1048576K
}
Event: 5.224 GC heap after
{Heap after GC invocations=17 (full 2):
 PSYoungGen      total 23552K, used 1316K [0x00000000eab00000, 0x00000000ec680000, 0x0000000100000000)
  eden space 22016K, 0% used [0x00000000eab00000,0x00000000eab00000,0x00000000ec080000)
  from space 1536K, 85% used [0x00000000ec400000,0x00000000ec549140,0x00000000ec580000)
  to   space 1024K, 0% used [0x00000000ec580000,0x00000000ec580000,0x00000000ec680000)
 ParOldGen       total 68608K, used 17868K [0x00000000c0000000, 0x00000000c4300000, 0x00000000eab00000)
  object space 68608K, 26% used [0x00000000c0000000,0x00000000c1173220,0x00000000c4300000)
 Metaspace       used 45204K, committed 46144K, reserved 1114112K
  class space    used 4785K, committed 5184K, reserved 1048576K
}
Event: 5.409 GC heap before
{Heap before GC invocations=18 (full 2):
 PSYoungGen      total 23552K, used 23332K [0x00000000eab00000, 0x00000000ec680000, 0x0000000100000000)
  eden space 22016K, 100% used [0x00000000eab00000,0x00000000ec080000,0x00000000ec080000)
  from space 1536K, 85% used [0x00000000ec400000,0x00000000ec549140,0x00000000ec580000)
  to   space 1024K, 0% used [0x00000000ec580000,0x00000000ec580000,0x00000000ec680000)
 ParOldGen       total 68608K, used 17868K [0x00000000c0000000, 0x00000000c4300000, 0x00000000eab00000)
  object space 68608K, 26% used [0x00000000c0000000,0x00000000c1173220,0x00000000c4300000)
 Metaspace       used 47940K, committed 48896K, reserved 1114112K
  class space    used 5106K, committed 5504K, reserved 1048576K
}
Event: 5.413 GC heap after
{Heap after GC invocations=18 (full 2):
 PSYoungGen      total 23040K, used 1024K [0x00000000eab00000, 0x00000000ec680000, 0x0000000100000000)
  eden space 22016K, 0% used [0x00000000eab00000,0x00000000eab00000,0x00000000ec080000)
  from space 1024K, 100% used [0x00000000ec580000,0x00000000ec680000,0x00000000ec680000)
  to   space 3072K, 0% used [0x00000000ec080000,0x00000000ec080000,0x00000000ec380000)
 ParOldGen       total 68608K, used 19638K [0x00000000c0000000, 0x00000000c4300000, 0x00000000eab00000)
  object space 68608K, 28% used [0x00000000c0000000,0x00000000c132d838,0x00000000c4300000)
 Metaspace       used 47940K, committed 48896K, reserved 1114112K
  class space    used 5106K, committed 5504K, reserved 1048576K
}
Event: 6.013 GC heap before
{Heap before GC invocations=19 (full 2):
 PSYoungGen      total 23040K, used 23040K [0x00000000eab00000, 0x00000000ec680000, 0x0000000100000000)
  eden space 22016K, 100% used [0x00000000eab00000,0x00000000ec080000,0x00000000ec080000)
  from space 1024K, 100% used [0x00000000ec580000,0x00000000ec680000,0x00000000ec680000)
  to   space 3072K, 0% used [0x00000000ec080000,0x00000000ec080000,0x00000000ec380000)
 ParOldGen       total 68608K, used 19638K [0x00000000c0000000, 0x00000000c4300000, 0x00000000eab00000)
  object space 68608K, 28% used [0x00000000c0000000,0x00000000c132d838,0x00000000c4300000)
 Metaspace       used 50673K, committed 51648K, reserved 1114112K
  class space    used 5471K, committed 5888K, reserved 1048576K
}
Event: 6.015 GC heap after
{Heap after GC invocations=19 (full 2):
 PSYoungGen      total 25088K, used 1280K [0x00000000eab00000, 0x00000000ec600000, 0x0000000100000000)
  eden space 22016K, 0% used [0x00000000eab00000,0x00000000eab00000,0x00000000ec080000)
  from space 3072K, 41% used [0x00000000ec080000,0x00000000ec1c0000,0x00000000ec380000)
  to   space 2048K, 0% used [0x00000000ec400000,0x00000000ec400000,0x00000000ec600000)
 ParOldGen       total 68608K, used 20722K [0x00000000c0000000, 0x00000000c4300000, 0x00000000eab00000)
  object space 68608K, 30% used [0x00000000c0000000,0x00000000c143c848,0x00000000c4300000)
 Metaspace       used 50673K, committed 51648K, reserved 1114112K
  class space    used 5471K, committed 5888K, reserved 1048576K
}
Event: 6.286 GC heap before
{Heap before GC invocations=20 (full 2):
 PSYoungGen      total 25088K, used 23296K [0x00000000eab00000, 0x00000000ec600000, 0x0000000100000000)
  eden space 22016K, 100% used [0x00000000eab00000,0x00000000ec080000,0x00000000ec080000)
  from space 3072K, 41% used [0x00000000ec080000,0x00000000ec1c0000,0x00000000ec380000)
  to   space 2048K, 0% used [0x00000000ec400000,0x00000000ec400000,0x00000000ec600000)
 ParOldGen       total 68608K, used 20722K [0x00000000c0000000, 0x00000000c4300000, 0x00000000eab00000)
  object space 68608K, 30% used [0x00000000c0000000,0x00000000c143c848,0x00000000c4300000)
 Metaspace       used 53563K, committed 54656K, reserved 1114112K
  class space    used 5870K, committed 6336K, reserved 1048576K
}
Event: 6.290 GC heap after
{Heap after GC invocations=20 (full 2):
 PSYoungGen      total 23552K, used 1285K [0x00000000eab00000, 0x00000000ec580000, 0x0000000100000000)
  eden space 22016K, 0% used [0x00000000eab00000,0x00000000eab00000,0x00000000ec080000)
  from space 1536K, 83% used [0x00000000ec400000,0x00000000ec541678,0x00000000ec580000)
  to   space 1536K, 0% used [0x00000000ec280000,0x00000000ec280000,0x00000000ec400000)
 ParOldGen       total 68608K, used 21893K [0x00000000c0000000, 0x00000000c4300000, 0x00000000eab00000)
  object space 68608K, 31% used [0x00000000c0000000,0x00000000c1561558,0x00000000c4300000)
 Metaspace       used 53563K, committed 54656K, reserved 1114112K
  class space    used 5870K, committed 6336K, reserved 1048576K
}
Event: 7.161 GC heap before
{Heap before GC invocations=21 (full 2):
 PSYoungGen      total 23552K, used 23301K [0x00000000eab00000, 0x00000000ec580000, 0x0000000100000000)
  eden space 22016K, 100% used [0x00000000eab00000,0x00000000ec080000,0x00000000ec080000)
  from space 1536K, 83% used [0x00000000ec400000,0x00000000ec541678,0x00000000ec580000)
  to   space 1536K, 0% used [0x00000000ec280000,0x00000000ec280000,0x00000000ec400000)
 ParOldGen       total 68608K, used 21893K [0x00000000c0000000, 0x00000000c4300000, 0x00000000eab00000)
  object space 68608K, 31% used [0x00000000c0000000,0x00000000c1561558,0x00000000c4300000)
 Metaspace       used 56180K, committed 57216K, reserved 1114112K
  class space    used 6163K, committed 6592K, reserved 1048576K
}
Event: 7.166 GC heap after
{Heap after GC invocations=21 (full 2):
 PSYoungGen      total 23552K, used 1072K [0x00000000eab00000, 0x00000000ec480000, 0x0000000100000000)
  eden space 22016K, 0% used [0x00000000eab00000,0x00000000eab00000,0x00000000ec080000)
  from space 1536K, 69% used [0x00000000ec280000,0x00000000ec38c010,0x00000000ec400000)
  to   space 512K, 0% used [0x00000000ec400000,0x00000000ec400000,0x00000000ec480000)
 ParOldGen       total 68608K, used 22946K [0x00000000c0000000, 0x00000000c4300000, 0x00000000eab00000)
  object space 68608K, 33% used [0x00000000c0000000,0x00000000c1668bc0,0x00000000c4300000)
 Metaspace       used 56180K, committed 57216K, reserved 1114112K
  class space    used 6163K, committed 6592K, reserved 1048576K
}
Event: 7.681 GC heap before
{Heap before GC invocations=22 (full 2):
 PSYoungGen      total 23552K, used 23087K [0x00000000eab00000, 0x00000000ec480000, 0x0000000100000000)
  eden space 22016K, 99% used [0x00000000eab00000,0x00000000ec07fc50,0x00000000ec080000)
  from space 1536K, 69% used [0x00000000ec280000,0x00000000ec38c010,0x00000000ec400000)
  to   space 512K, 0% used [0x00000000ec400000,0x00000000ec400000,0x00000000ec480000)
 ParOldGen       total 68608K, used 22946K [0x00000000c0000000, 0x00000000c4300000, 0x00000000eab00000)
  object space 68608K, 33% used [0x00000000c0000000,0x00000000c1668bc0,0x00000000c4300000)
 Metaspace       used 58620K, committed 59712K, reserved 1114112K
  class space    used 6477K, committed 6912K, reserved 1048576K
}
Event: 7.685 GC heap after
{Heap after GC invocations=22 (full 2):
 PSYoungGen      total 22528K, used 480K [0x00000000eab00000, 0x00000000ec580000, 0x0000000100000000)
  eden space 22016K, 0% used [0x00000000eab00000,0x00000000eab00000,0x00000000ec080000)
  from space 512K, 93% used [0x00000000ec400000,0x00000000ec478020,0x00000000ec480000)
  to   space 2560K, 0% used [0x00000000ec080000,0x00000000ec080000,0x00000000ec300000)
 ParOldGen       total 68608K, used 24795K [0x00000000c0000000, 0x00000000c4300000, 0x00000000eab00000)
  object space 68608K, 36% used [0x00000000c0000000,0x00000000c1836f90,0x00000000c4300000)
 Metaspace       used 58620K, committed 59712K, reserved 1114112K
  class space    used 6477K, committed 6912K, reserved 1048576K
}
Event: 7.698 GC heap before
{Heap before GC invocations=23 (full 2):
 PSYoungGen      total 22528K, used 1898K [0x00000000eab00000, 0x00000000ec580000, 0x0000000100000000)
  eden space 22016K, 6% used [0x00000000eab00000,0x00000000eac62a00,0x00000000ec080000)
  from space 512K, 93% used [0x00000000ec400000,0x00000000ec478020,0x00000000ec480000)
  to   space 2560K, 0% used [0x00000000ec080000,0x00000000ec080000,0x00000000ec300000)
 ParOldGen       total 68608K, used 24795K [0x00000000c0000000, 0x00000000c4300000, 0x00000000eab00000)
  object space 68608K, 36% used [0x00000000c0000000,0x00000000c1836f90,0x00000000c4300000)
 Metaspace       used 58767K, committed 59776K, reserved 1114112K
  class space    used 6497K, committed 6912K, reserved 1048576K
}
Event: 7.700 GC heap after
{Heap after GC invocations=23 (full 2):
 PSYoungGen      total 24576K, used 494K [0x00000000eab00000, 0x00000000ec480000, 0x0000000100000000)
  eden space 22016K, 0% used [0x00000000eab00000,0x00000000eab00000,0x00000000ec080000)
  from space 2560K, 19% used [0x00000000ec080000,0x00000000ec0fba30,0x00000000ec300000)
  to   space 1536K, 0% used [0x00000000ec300000,0x00000000ec300000,0x00000000ec480000)
 ParOldGen       total 68608K, used 25274K [0x00000000c0000000, 0x00000000c4300000, 0x00000000eab00000)
  object space 68608K, 36% used [0x00000000c0000000,0x00000000c18aea28,0x00000000c4300000)
 Metaspace       used 58767K, committed 59776K, reserved 1114112K
  class space    used 6497K, committed 6912K, reserved 1048576K
}
Event: 7.700 GC heap before
{Heap before GC invocations=24 (full 3):
 PSYoungGen      total 24576K, used 494K [0x00000000eab00000, 0x00000000ec480000, 0x0000000100000000)
  eden space 22016K, 0% used [0x00000000eab00000,0x00000000eab00000,0x00000000ec080000)
  from space 2560K, 19% used [0x00000000ec080000,0x00000000ec0fba30,0x00000000ec300000)
  to   space 1536K, 0% used [0x00000000ec300000,0x00000000ec300000,0x00000000ec480000)
 ParOldGen       total 68608K, used 25274K [0x00000000c0000000, 0x00000000c4300000, 0x00000000eab00000)
  object space 68608K, 36% used [0x00000000c0000000,0x00000000c18aea28,0x00000000c4300000)
 Metaspace       used 58767K, committed 59776K, reserved 1114112K
  class space    used 6497K, committed 6912K, reserved 1048576K
}
Event: 7.759 GC heap after
{Heap after GC invocations=24 (full 3):
 PSYoungGen      total 24576K, used 0K [0x00000000eab00000, 0x00000000ec480000, 0x0000000100000000)
  eden space 22016K, 0% used [0x00000000eab00000,0x00000000eab00000,0x00000000ec080000)
  from space 2560K, 0% used [0x00000000ec080000,0x00000000ec080000,0x00000000ec300000)
  to   space 1536K, 0% used [0x00000000ec300000,0x00000000ec300000,0x00000000ec480000)
 ParOldGen       total 68608K, used 23876K [0x00000000c0000000, 0x00000000c4300000, 0x00000000eab00000)
  object space 68608K, 34% used [0x00000000c0000000,0x00000000c17511c8,0x00000000c4300000)
 Metaspace       used 58767K, committed 59776K, reserved 1114112K
  class space    used 6497K, committed 6912K, reserved 1048576K
}

Dll operation events (12 events):
Event: 0.013 Loaded shared library c:\Users\HARSHAD\.vscode\extensions\redhat.java-1.32.0-win32-x64\jre\17.0.11-win32-x86_64\bin\java.dll
Event: 0.242 Loaded shared library c:\Users\HARSHAD\.vscode\extensions\redhat.java-1.32.0-win32-x64\jre\17.0.11-win32-x86_64\bin\zip.dll
Event: 0.246 Loaded shared library C:\Users\HARSHAD\.vscode\extensions\redhat.java-1.32.0-win32-x64\jre\17.0.11-win32-x86_64\bin\instrument.dll
Event: 0.264 Loaded shared library C:\Users\HARSHAD\.vscode\extensions\redhat.java-1.32.0-win32-x64\jre\17.0.11-win32-x86_64\bin\net.dll
Event: 0.266 Loaded shared library C:\Users\HARSHAD\.vscode\extensions\redhat.java-1.32.0-win32-x64\jre\17.0.11-win32-x86_64\bin\nio.dll
Event: 0.277 Loaded shared library C:\Users\HARSHAD\.vscode\extensions\redhat.java-1.32.0-win32-x64\jre\17.0.11-win32-x86_64\bin\zip.dll
Event: 0.309 Loaded shared library C:\Users\HARSHAD\.vscode\extensions\redhat.java-1.32.0-win32-x64\jre\17.0.11-win32-x86_64\bin\jimage.dll
Event: 0.405 Loaded shared library c:\Users\HARSHAD\.vscode\extensions\redhat.java-1.32.0-win32-x64\jre\17.0.11-win32-x86_64\bin\verify.dll
Event: 1.719 Loaded shared library C:\Users\HARSHAD\AppData\Roaming\Code\User\globalStorage\redhat.java\1.32.0\config_win\org.eclipse.equinox.launcher\org.eclipse.equinox.launcher.win32.win32.x86_64_1.2.1100.v20240613-2013\eclipse_11903.dll
Event: 4.424 Loaded shared library C:\Users\HARSHAD\AppData\Local\Temp\jna-1414923057\jna13118789490869169323.dll
Event: 5.379 Loaded shared library C:\Users\HARSHAD\.vscode\extensions\redhat.java-1.32.0-win32-x64\jre\17.0.11-win32-x86_64\bin\sunmscapi.dll
Event: 5.878 Loaded shared library C:\Users\HARSHAD\.vscode\extensions\redhat.java-1.32.0-win32-x64\jre\17.0.11-win32-x86_64\bin\extnet.dll

Deoptimization events (20 events):
Event: 7.400 Thread 0x000001b50461d3a0 Uncommon trap: trap_request=0xffffffc6 fr.pc=0x000001b56ff94310 relative=0x0000000000001730
Event: 7.400 Thread 0x000001b50461d3a0 Uncommon trap: reason=bimorphic_or_optimized_type_check action=maybe_recompile pc=0x000001b56ff94310 method=java.util.regex.Pattern$Begin.match(Ljava/util/regex/Matcher;ILjava/lang/CharSequence;)Z @ 30 c2
Event: 7.400 Thread 0x000001b50461d3a0 DEOPT PACKING pc=0x000001b56ff94310 sp=0x000000b0b23fb3b0
Event: 7.400 Thread 0x000001b50461d3a0 DEOPT UNPACKING pc=0x000001b56f8766a3 sp=0x000000b0b23fb2e8 mode 2
Event: 7.427 Thread 0x000001b50461d3a0 Uncommon trap: trap_request=0xffffff45 fr.pc=0x000001b56ff46808 relative=0x0000000000000c88
Event: 7.427 Thread 0x000001b50461d3a0 Uncommon trap: reason=unstable_if action=reinterpret pc=0x000001b56ff46808 method=java.util.Properties$LineReader.readLine()I @ 325 c2
Event: 7.427 Thread 0x000001b50461d3a0 DEOPT PACKING pc=0x000001b56ff46808 sp=0x000000b0b23fd570
Event: 7.427 Thread 0x000001b50461d3a0 DEOPT UNPACKING pc=0x000001b56f8766a3 sp=0x000000b0b23fd500 mode 2
Event: 7.427 Thread 0x000001b50461d3a0 Uncommon trap: trap_request=0xffffff45 fr.pc=0x000001b56fe97c44 relative=0x0000000000000e04
Event: 7.427 Thread 0x000001b50461d3a0 Uncommon trap: reason=unstable_if action=reinterpret pc=0x000001b56fe97c44 method=java.util.Properties$LineReader.readLine()I @ 325 c2
Event: 7.427 Thread 0x000001b50461d3a0 DEOPT PACKING pc=0x000001b56fe97c44 sp=0x000000b0b23fd570
Event: 7.427 Thread 0x000001b50461d3a0 DEOPT UNPACKING pc=0x000001b56f8766a3 sp=0x000000b0b23fd500 mode 2
Event: 7.427 Thread 0x000001b50461d3a0 Uncommon trap: trap_request=0xffffff45 fr.pc=0x000001b56fe9326c relative=0x0000000000000eac
Event: 7.427 Thread 0x000001b50461d3a0 Uncommon trap: reason=unstable_if action=reinterpret pc=0x000001b56fe9326c method=java.util.Properties$LineReader.readLine()I @ 325 c2
Event: 7.427 Thread 0x000001b50461d3a0 DEOPT PACKING pc=0x000001b56fe9326c sp=0x000000b0b23fd570
Event: 7.427 Thread 0x000001b50461d3a0 DEOPT UNPACKING pc=0x000001b56f8766a3 sp=0x000000b0b23fd500 mode 2
Event: 7.686 Thread 0x000001b50461e7e0 DEOPT PACKING pc=0x000001b5686ddbba sp=0x000000b0b21fde90
Event: 7.686 Thread 0x000001b50461e7e0 DEOPT UNPACKING pc=0x000001b56f876e43 sp=0x000000b0b21fd380 mode 0
Event: 7.692 Thread 0x000001b50461d3a0 DEOPT PACKING pc=0x000001b5686e331e sp=0x000000b0b23fc0f0
Event: 7.692 Thread 0x000001b50461d3a0 DEOPT UNPACKING pc=0x000001b56f876e43 sp=0x000000b0b23fb5e0 mode 0

Classes unloaded (7 events):
Event: 4.201 Thread 0x000001b5656f9190 Unloading class 0x0000000100250000 'java/lang/invoke/LambdaForm$MH+0x0000000100250000'
Event: 4.201 Thread 0x000001b5656f9190 Unloading class 0x000000010024fc00 'java/lang/invoke/LambdaForm$MH+0x000000010024fc00'
Event: 4.201 Thread 0x000001b5656f9190 Unloading class 0x000000010024f800 'java/lang/invoke/LambdaForm$MH+0x000000010024f800'
Event: 4.201 Thread 0x000001b5656f9190 Unloading class 0x000000010024f400 'java/lang/invoke/LambdaForm$MH+0x000000010024f400'
Event: 4.201 Thread 0x000001b5656f9190 Unloading class 0x000000010024f000 'java/lang/invoke/LambdaForm$BMH+0x000000010024f000'
Event: 4.201 Thread 0x000001b5656f9190 Unloading class 0x000000010024ec00 'java/lang/invoke/LambdaForm$DMH+0x000000010024ec00'
Event: 4.201 Thread 0x000001b5656f9190 Unloading class 0x000000010024c000 'java/lang/invoke/LambdaForm$DMH+0x000000010024c000'

Classes redefined (0 events):
No events

Internal exceptions (20 events):
Event: 7.090 Thread 0x000001b504619bf0 Exception <a 'sun/nio/fs/WindowsException'{0x00000000ebe26458}> (0x00000000ebe26458) 
thrown [s\src\hotspot\share\prims\jni.cpp, line 516]
Event: 7.090 Thread 0x000001b504619bf0 Exception <a 'sun/nio/fs/WindowsException'{0x00000000ebe297c8}> (0x00000000ebe297c8) 
thrown [s\src\hotspot\share\prims\jni.cpp, line 516]
Event: 7.091 Thread 0x000001b504619bf0 Exception <a 'sun/nio/fs/WindowsException'{0x00000000ebe2cdc8}> (0x00000000ebe2cdc8) 
thrown [s\src\hotspot\share\prims\jni.cpp, line 516]
Event: 7.091 Thread 0x000001b504619bf0 Exception <a 'sun/nio/fs/WindowsException'{0x00000000ebe30398}> (0x00000000ebe30398) 
thrown [s\src\hotspot\share\prims\jni.cpp, line 516]
Event: 7.092 Thread 0x000001b504619bf0 Exception <a 'sun/nio/fs/WindowsException'{0x00000000ebe33bd0}> (0x00000000ebe33bd0) 
thrown [s\src\hotspot\share\prims\jni.cpp, line 516]
Event: 7.093 Thread 0x000001b504619bf0 Exception <a 'sun/nio/fs/WindowsException'{0x00000000ebe37490}> (0x00000000ebe37490) 
thrown [s\src\hotspot\share\prims\jni.cpp, line 516]
Event: 7.094 Thread 0x000001b504619bf0 Exception <a 'sun/nio/fs/WindowsException'{0x00000000ebe3a478}> (0x00000000ebe3a478) 
thrown [s\src\hotspot\share\prims\jni.cpp, line 516]
Event: 7.154 Thread 0x000001b50461d3a0 Exception <a 'java/lang/NoSuchMethodError'{0x00000000ec047828}: 'java.lang.Object java.lang.invoke.DirectMethodHandle$Holder.invokeInterface(java.lang.Object, java.lang.Object, java.lang.Object)'> (0x00000000ec047828) 
thrown [s\src\hotspot\share\interpreter\linkResolver.cpp, line 759]
Event: 7.198 Thread 0x000001b50461d3a0 Exception <a 'java/io/FileNotFoundException'{0x00000000eaca27e8}> (0x00000000eaca27e8) 
thrown [s\src\hotspot\share\prims\jni.cpp, line 516]
Event: 7.199 Thread 0x000001b50461d3a0 Exception <a 'java/io/FileNotFoundException'{0x00000000eacc3ee0}> (0x00000000eacc3ee0) 
thrown [s\src\hotspot\share\prims\jni.cpp, line 516]
Event: 7.201 Thread 0x000001b50461d3a0 Exception <a 'java/lang/NoSuchMethodError'{0x00000000eaccd140}: 'java.lang.Object java.lang.invoke.DirectMethodHandle$Holder.newInvokeSpecial(java.lang.Object, java.lang.Object, java.lang.Object, int)'> (0x00000000eaccd140) 
thrown [s\src\hotspot\share\interpreter\linkResolver.cpp, line 759]
Event: 7.201 Thread 0x000001b50461d3a0 Exception <a 'java/lang/NoSuchMethodError'{0x00000000eacd1248}: 'java.lang.Object java.lang.invoke.DirectMethodHandle$Holder.invokeSpecial(java.lang.Object, java.lang.Object, java.lang.Object, java.lang.Object, int)'> (0x00000000eacd1248) 
thrown [s\src\hotspot\share\interpreter\linkResolver.cpp, line 759]
Event: 7.202 Thread 0x000001b50461d3a0 Exception <a 'java/lang/NoSuchMethodError'{0x00000000eacfe650}: 'java.lang.Object java.lang.invoke.Invokers$Holder.linkToTargetMethod(java.lang.Object, java.lang.Object, int, java.lang.Object)'> (0x00000000eacfe650) 
thrown [s\src\hotspot\share\interpreter\linkResolver.cpp, line 759]
Event: 7.274 Thread 0x000001b50461d3a0 Exception <a 'sun/nio/fs/WindowsException'{0x00000000eaf76410}> (0x00000000eaf76410) 
thrown [s\src\hotspot\share\prims\jni.cpp, line 516]
Event: 7.274 Thread 0x000001b50461d3a0 Exception <a 'sun/nio/fs/WindowsException'{0x00000000eaf76f40}> (0x00000000eaf76f40) 
thrown [s\src\hotspot\share\prims\jni.cpp, line 516]
Event: 7.275 Thread 0x000001b50461d3a0 Exception <a 'sun/nio/fs/WindowsException'{0x00000000eaf80318}> (0x00000000eaf80318) 
thrown [s\src\hotspot\share\prims\jni.cpp, line 516]
Event: 7.275 Thread 0x000001b50461d3a0 Exception <a 'sun/nio/fs/WindowsException'{0x00000000eaf80c18}> (0x00000000eaf80c18) 
thrown [s\src\hotspot\share\prims\jni.cpp, line 516]
Event: 7.276 Thread 0x000001b50461d3a0 Exception <a 'sun/nio/fs/WindowsException'{0x00000000eaf82830}> (0x00000000eaf82830) 
thrown [s\src\hotspot\share\prims\jni.cpp, line 516]
Event: 7.276 Thread 0x000001b50461d3a0 Exception <a 'sun/nio/fs/WindowsException'{0x00000000eaf83450}> (0x00000000eaf83450) 
thrown [s\src\hotspot\share\prims\jni.cpp, line 516]
Event: 7.308 Thread 0x000001b50461d3a0 Exception <a 'java/io/FileNotFoundException'{0x00000000eb087918}> (0x00000000eb087918) 
thrown [s\src\hotspot\share\prims\jni.cpp, line 516]

VM Operations (20 events):
Event: 6.915 Executing VM operation: HandshakeAllThreads
Event: 6.915 Executing VM operation: HandshakeAllThreads done
Event: 7.161 Executing VM operation: ParallelGCFailedAllocation
Event: 7.166 Executing VM operation: ParallelGCFailedAllocation done
Event: 7.179 Executing VM operation: HandshakeAllThreads
Event: 7.179 Executing VM operation: HandshakeAllThreads done
Event: 7.182 Executing VM operation: HandshakeAllThreads
Event: 7.182 Executing VM operation: HandshakeAllThreads done
Event: 7.192 Executing VM operation: HandshakeAllThreads
Event: 7.192 Executing VM operation: HandshakeAllThreads done
Event: 7.194 Executing VM operation: HandshakeAllThreads
Event: 7.194 Executing VM operation: HandshakeAllThreads done
Event: 7.681 Executing VM operation: ParallelGCFailedAllocation
Event: 7.686 Executing VM operation: ParallelGCFailedAllocation done
Event: 7.689 Executing VM operation: HandshakeAllThreads
Event: 7.689 Executing VM operation: HandshakeAllThreads done
Event: 7.698 Executing VM operation: CollectForMetadataAllocation
Event: 7.759 Executing VM operation: CollectForMetadataAllocation done
Event: 7.759 Executing VM operation: CollectForMetadataAllocation
Event: 7.759 Executing VM operation: CollectForMetadataAllocation done

Events (20 events):
Event: 7.203 loading class java/util/concurrent/locks/ReentrantReadWriteLock$Sync$HoldCounter done
Event: 7.215 loading class java/util/concurrent/CompletableFuture$Signaller
Event: 7.216 loading class java/util/concurrent/CompletableFuture$Signaller done
Event: 7.234 loading class java/util/regex/Pattern$BackRef
Event: 7.234 loading class java/util/regex/Pattern$BackRef done
Event: 7.397 loading class sun/nio/cs/ThreadLocalCoders
Event: 7.397 loading class sun/nio/cs/ThreadLocalCoders done
Event: 7.397 loading class sun/nio/cs/ThreadLocalCoders$1
Event: 7.398 loading class sun/nio/cs/ThreadLocalCoders$Cache
Event: 7.398 loading class sun/nio/cs/ThreadLocalCoders$Cache done
Event: 7.398 loading class sun/nio/cs/ThreadLocalCoders$1 done
Event: 7.398 loading class sun/nio/cs/ThreadLocalCoders$2
Event: 7.398 loading class sun/nio/cs/ThreadLocalCoders$2 done
Event: 7.687 loading class sun/net/www/http/KeepAliveCache$1
Event: 7.687 loading class sun/net/www/http/KeepAliveCache$1 done
Event: 7.687 Thread 0x000001b50461a610 Thread added: 0x000001b50461a610
Event: 7.687 loading class sun/net/www/http/ClientVector
Event: 7.688 loading class sun/net/www/http/ClientVector done
Event: 7.689 loading class sun/net/www/http/KeepAliveEntry
Event: 7.689 loading class sun/net/www/http/KeepAliveEntry done


Dynamic libraries:
0x00007ff6a14c0000 - 0x00007ff6a14ce000 	c:\Users\HARSHAD\.vscode\extensions\redhat.java-1.32.0-win32-x64\jre\17.0.11-win32-x86_64\bin\java.exe
0x00007ff901fb0000 - 0x00007ff9021c7000 	C:\WINDOWS\SYSTEM32\ntdll.dll
0x00007ff900470000 - 0x00007ff900534000 	C:\WINDOWS\System32\KERNEL32.DLL
0x00007ff8ff480000 - 0x00007ff8ff82d000 	C:\WINDOWS\System32\KERNELBASE.dll
0x00007ff8f8720000 - 0x00007ff8f87b7000 	C:\WINDOWS\SYSTEM32\apphelp.dll
0x00007ff8ff990000 - 0x00007ff8ffaa1000 	C:\WINDOWS\System32\ucrtbase.dll
0x00007ff8f79f0000 - 0x00007ff8f7a0b000 	c:\Users\HARSHAD\.vscode\extensions\redhat.java-1.32.0-win32-x64\jre\17.0.11-win32-x86_64\bin\VCRUNTIME140.dll
0x00007ff8f1a20000 - 0x00007ff8f1a37000 	c:\Users\HARSHAD\.vscode\extensions\redhat.java-1.32.0-win32-x64\jre\17.0.11-win32-x86_64\bin\jli.dll
0x00007ff9019c0000 - 0x00007ff901b6e000 	C:\WINDOWS\System32\USER32.dll
0x00007ff8ffab0000 - 0x00007ff8ffad6000 	C:\WINDOWS\System32\win32u.dll
0x00007ff8eeff0000 - 0x00007ff8ef283000 	C:\WINDOWS\WinSxS\amd64_microsoft.windows.common-controls_6595b64144ccf1df_6.0.22621.3672_none_2713b9d173822955\COMCTL32.dll
0x00007ff901ec0000 - 0x00007ff901f67000 	C:\WINDOWS\System32\msvcrt.dll
0x00007ff8ffdf0000 - 0x00007ff8ffe19000 	C:\WINDOWS\System32\GDI32.dll
0x00007ff8ff2e0000 - 0x00007ff8ff3f9000 	C:\WINDOWS\System32\gdi32full.dll
0x00007ff8ffc50000 - 0x00007ff8ffcea000 	C:\WINDOWS\System32\msvcp_win.dll
0x00007ff901220000 - 0x00007ff901251000 	C:\WINDOWS\System32\IMM32.DLL
0x00007ff8fc3d0000 - 0x00007ff8fc3dc000 	c:\Users\HARSHAD\.vscode\extensions\redhat.java-1.32.0-win32-x64\jre\17.0.11-win32-x86_64\bin\vcruntime140_1.dll
0x00007ff8eea00000 - 0x00007ff8eea8d000 	c:\Users\HARSHAD\.vscode\extensions\redhat.java-1.32.0-win32-x64\jre\17.0.11-win32-x86_64\bin\msvcp140.dll
0x00007ff8af5f0000 - 0x00007ff8b0252000 	c:\Users\HARSHAD\.vscode\extensions\redhat.java-1.32.0-win32-x64\jre\17.0.11-win32-x86_64\bin\server\jvm.dll
0x00007ff9012e0000 - 0x00007ff901392000 	C:\WINDOWS\System32\ADVAPI32.dll
0x00007ff900210000 - 0x00007ff9002b9000 	C:\WINDOWS\System32\sechost.dll
0x00007ff8ff830000 - 0x00007ff8ff858000 	C:\WINDOWS\System32\bcrypt.dll
0x00007ff9000f0000 - 0x00007ff900204000 	C:\WINDOWS\System32\RPCRT4.dll
0x00007ff8ff1a0000 - 0x00007ff8ff1ed000 	C:\WINDOWS\SYSTEM32\POWRPROF.dll
0x00007ff8cd560000 - 0x00007ff8cd569000 	C:\WINDOWS\SYSTEM32\WSOCK32.dll
0x00007ff8f8710000 - 0x00007ff8f871a000 	C:\WINDOWS\SYSTEM32\VERSION.dll
0x00007ff8f9150000 - 0x00007ff8f9184000 	C:\WINDOWS\SYSTEM32\WINMM.dll
0x00007ff901de0000 - 0x00007ff901e51000 	C:\WINDOWS\System32\WS2_32.dll
0x00007ff8ff180000 - 0x00007ff8ff193000 	C:\WINDOWS\SYSTEM32\UMPDC.dll
0x00007ff8fe2e0000 - 0x00007ff8fe2f8000 	C:\WINDOWS\SYSTEM32\kernel.appcore.dll
0x00007ff8f9f60000 - 0x00007ff8f9f6a000 	c:\Users\HARSHAD\.vscode\extensions\redhat.java-1.32.0-win32-x64\jre\17.0.11-win32-x86_64\bin\jimage.dll
0x00007ff8f5840000 - 0x00007ff8f5a72000 	C:\WINDOWS\SYSTEM32\DBGHELP.DLL
0x00007ff901550000 - 0x00007ff9018d8000 	C:\WINDOWS\System32\combase.dll
0x00007ff9018e0000 - 0x00007ff9019b7000 	C:\WINDOWS\System32\OLEAUT32.dll
0x00007ff8ed210000 - 0x00007ff8ed242000 	C:\WINDOWS\SYSTEM32\dbgcore.DLL
0x00007ff8ff400000 - 0x00007ff8ff47b000 	C:\WINDOWS\System32\bcryptPrimitives.dll
0x00007ff8f97c0000 - 0x00007ff8f97ce000 	c:\Users\HARSHAD\.vscode\extensions\redhat.java-1.32.0-win32-x64\jre\17.0.11-win32-x86_64\bin\instrument.dll
0x00007ff8f1950000 - 0x00007ff8f1975000 	c:\Users\HARSHAD\.vscode\extensions\redhat.java-1.32.0-win32-x64\jre\17.0.11-win32-x86_64\bin\java.dll
0x00007ff8f0b60000 - 0x00007ff8f0b78000 	c:\Users\HARSHAD\.vscode\extensions\redhat.java-1.32.0-win32-x64\jre\17.0.11-win32-x86_64\bin\zip.dll
0x00007ff9009c0000 - 0x00007ff90121f000 	C:\WINDOWS\System32\SHELL32.dll
0x00007ff8fd1b0000 - 0x00007ff8fdaac000 	C:\WINDOWS\SYSTEM32\windows.storage.dll
0x00007ff8fd070000 - 0x00007ff8fd1af000 	C:\WINDOWS\SYSTEM32\wintypes.dll
0x00007ff8ffe20000 - 0x00007ff8fff14000 	C:\WINDOWS\System32\SHCORE.dll
0x00007ff901460000 - 0x00007ff9014be000 	C:\WINDOWS\System32\shlwapi.dll
0x00007ff8ff210000 - 0x00007ff8ff231000 	C:\WINDOWS\SYSTEM32\profapi.dll
0x00007ff8ee9e0000 - 0x00007ff8ee9f9000 	C:\Users\HARSHAD\.vscode\extensions\redhat.java-1.32.0-win32-x64\jre\17.0.11-win32-x86_64\bin\net.dll
0x00007ff8faf00000 - 0x00007ff8fb036000 	C:\WINDOWS\SYSTEM32\WINHTTP.dll
0x00007ff8fe760000 - 0x00007ff8fe7c9000 	C:\WINDOWS\system32\mswsock.dll
0x00007ff8ee9c0000 - 0x00007ff8ee9d6000 	C:\Users\HARSHAD\.vscode\extensions\redhat.java-1.32.0-win32-x64\jre\17.0.11-win32-x86_64\bin\nio.dll
0x00007ff8f79e0000 - 0x00007ff8f79f0000 	c:\Users\HARSHAD\.vscode\extensions\redhat.java-1.32.0-win32-x64\jre\17.0.11-win32-x86_64\bin\verify.dll
0x00007ff8d1390000 - 0x00007ff8d13d4000 	C:\Users\HARSHAD\AppData\Roaming\Code\User\globalStorage\redhat.java\1.32.0\config_win\org.eclipse.equinox.launcher\org.eclipse.equinox.launcher.win32.win32.x86_64_1.2.1100.v20240613-2013\eclipse_11903.dll
0x00007ff9002c0000 - 0x00007ff900465000 	C:\WINDOWS\System32\ole32.dll
0x00007ff8fe9f0000 - 0x00007ff8fea0b000 	C:\WINDOWS\SYSTEM32\CRYPTSP.dll
0x00007ff8fe240000 - 0x00007ff8fe275000 	C:\WINDOWS\system32\rsaenh.dll
0x00007ff8fe860000 - 0x00007ff8fe888000 	C:\WINDOWS\SYSTEM32\USERENV.dll
0x00007ff8fe9e0000 - 0x00007ff8fe9ec000 	C:\WINDOWS\SYSTEM32\CRYPTBASE.dll
0x00007ff8fdd10000 - 0x00007ff8fdd3d000 	C:\WINDOWS\SYSTEM32\IPHLPAPI.DLL
0x00007ff901d70000 - 0x00007ff901d79000 	C:\WINDOWS\System32\NSI.dll
0x00007ff8faee0000 - 0x00007ff8faef9000 	C:\WINDOWS\SYSTEM32\dhcpcsvc6.DLL
0x00007ff8faec0000 - 0x00007ff8faedf000 	C:\WINDOWS\SYSTEM32\dhcpcsvc.DLL
0x00007ff8fdd40000 - 0x00007ff8fde38000 	C:\WINDOWS\SYSTEM32\DNSAPI.dll
0x00007ff8d4ed0000 - 0x00007ff8d4f15000 	C:\Users\HARSHAD\AppData\Local\Temp\jna-1414923057\jna13118789490869169323.dll
0x00007ff901e60000 - 0x00007ff901e68000 	C:\WINDOWS\System32\PSAPI.DLL
0x00007ff8f1c50000 - 0x00007ff8f1c5e000 	C:\Users\HARSHAD\.vscode\extensions\redhat.java-1.32.0-win32-x64\jre\17.0.11-win32-x86_64\bin\sunmscapi.dll
0x00007ff8ffae0000 - 0x00007ff8ffc47000 	C:\WINDOWS\System32\CRYPT32.dll
0x00007ff8feb80000 - 0x00007ff8febae000 	C:\WINDOWS\SYSTEM32\ncrypt.dll
0x00007ff8feb40000 - 0x00007ff8feb77000 	C:\WINDOWS\SYSTEM32\NTASN1.dll
0x00007ff8f9410000 - 0x00007ff8f941a000 	C:\Windows\System32\rasadhlp.dll
0x00007ff8fa630000 - 0x00007ff8fa6b3000 	C:\WINDOWS\System32\fwpuclnt.dll
0x00007ff8f1c40000 - 0x00007ff8f1c49000 	C:\Users\HARSHAD\.vscode\extensions\redhat.java-1.32.0-win32-x64\jre\17.0.11-win32-x86_64\bin\extnet.dll

dbghelp: loaded successfully - version: 4.0.5 - missing functions: none
symbol engine: initialized successfully - sym options: 0x614 - pdb path: .;c:\Users\HARSHAD\.vscode\extensions\redhat.java-1.32.0-win32-x64\jre\17.0.11-win32-x86_64\bin;C:\WINDOWS\SYSTEM32;C:\WINDOWS\WinSxS\amd64_microsoft.windows.common-controls_6595b64144ccf1df_6.0.22621.3672_none_2713b9d173822955;c:\Users\HARSHAD\.vscode\extensions\redhat.java-1.32.0-win32-x64\jre\17.0.11-win32-x86_64\bin\server;C:\Users\HARSHAD\AppData\Roaming\Code\User\globalStorage\redhat.java\1.32.0\config_win\org.eclipse.equinox.launcher\org.eclipse.equinox.launcher.win32.win32.x86_64_1.2.1100.v20240613-2013;C:\Users\HARSHAD\AppData\Local\Temp\jna-1414923057

VM Arguments:
jvm_args: --add-modules=ALL-SYSTEM --add-opens=java.base/java.util=ALL-UNNAMED --add-opens=java.base/java.lang=ALL-UNNAMED --add-opens=java.base/sun.nio.fs=ALL-UNNAMED -Declipse.application=org.eclipse.jdt.ls.core.id1 -Dosgi.bundles.defaultStartLevel=4 -Declipse.product=org.eclipse.jdt.ls.core.product -Djava.import.generatesMetadataFilesAtProjectRoot=false -DDetectVMInstallationsJob.disabled=true -Dfile.encoding=utf8 -XX:+UseParallelGC -XX:GCTimeRatio=4 -XX:AdaptiveSizePolicyWeight=90 -Dsun.zip.disableMemoryMapping=true -Xmx1G -Xms100m -Xlog:disable -javaagent:c:\Users\HARSHAD\.vscode\extensions\redhat.java-1.32.0-win32-x64\lombok\lombok-1.18.33.jar -XX:+HeapDumpOnOutOfMemoryError -XX:HeapDumpPath=c:\Users\HARSHAD\AppData\Roaming\Code\User\workspaceStorage\46e0f23759ab3be43eef7f42eb58a600\redhat.java -Daether.dependencyCollector.impl=bf 
java_command: c:\Users\HARSHAD\.vscode\extensions\redhat.java-1.32.0-win32-x64\server\plugins\org.eclipse.equinox.launcher_1.6.900.v20240613-2009.jar -configuration c:\Users\HARSHAD\AppData\Roaming\Code\User\globalStorage\redhat.java\1.32.0\config_win -data c:\Users\HARSHAD\AppData\Roaming\Code\User\workspaceStorage\46e0f23759ab3be43eef7f42eb58a600\redhat.java\jdt_ws --pipe=\\.\pipe\lsp-bf42142710d3215f73daca34051d2afd-sock
java_class_path (initial): c:\Users\HARSHAD\.vscode\extensions\redhat.java-1.32.0-win32-x64\server\plugins\org.eclipse.equinox.launcher_1.6.900.v20240613-2009.jar
Launcher Type: SUN_STANDARD

[Global flags]
    uintx AdaptiveSizePolicyWeight                 = 90                                        {product} {command line}
     intx CICompilerCount                          = 4                                         {product} {ergonomic}
    uintx GCTimeRatio                              = 4                                         {product} {command line}
     bool HeapDumpOnOutOfMemoryError               = true                                   {manageable} {command line}
    ccstr HeapDumpPath                             = c:\Users\HARSHAD\AppData\Roaming\Code\User\workspaceStorage\46e0f23759ab3be43eef7f42eb58a600\redhat.java         {manageable} {command line}
   size_t InitialHeapSize                          = 104857600                                 {product} {command line}
   size_t MaxHeapSize                              = 1073741824                                {product} {command line}
   size_t MaxNewSize                               = 357564416                                 {product} {ergonomic}
   size_t MinHeapDeltaBytes                        = 524288                                    {product} {ergonomic}
   size_t MinHeapSize                              = 104857600                                 {product} {command line}
   size_t NewSize                                  = 34603008                                  {product} {ergonomic}
    uintx NonNMethodCodeHeapSize                   = 5839372                                {pd product} {ergonomic}
    uintx NonProfiledCodeHeapSize                  = 122909434                              {pd product} {ergonomic}
   size_t OldSize                                  = 70254592                                  {product} {ergonomic}
    uintx ProfiledCodeHeapSize                     = 122909434                              {pd product} {ergonomic}
    uintx ReservedCodeCacheSize                    = 251658240                              {pd product} {ergonomic}
     bool SegmentedCodeCache                       = true                                      {product} {ergonomic}
   size_t SoftMaxHeapSize                          = 1073741824                             {manageable} {ergonomic}
     bool UseCompressedClassPointers               = true                           {product lp64_product} {ergonomic}
     bool UseCompressedOops                        = true                           {product lp64_product} {ergonomic}
     bool UseLargePagesIndividualAllocation        = false                                  {pd product} {ergonomic}
     bool UseParallelGC                            = true                                      {product} {command line}

Logging:
Log output configuration:
 #0: stdout all=off uptime,level,tags
 #1: stderr all=off uptime,level,tags

Environment Variables:
JAVA_HOME=C:\Program Files\Java\jdk1.8.0_202
PATH=C:\Program Files\Java\jdk1.8.0_202\bin;C:\Program Files\Scripts\;C:\Program Files\;C:\Program Files\Git\bin;C:\Program Files (x86)\Common Files\Intel\Shared Libraries\redist\intel64\compiler;C:\windows\system32;C:\windows;C:\windows\System32\Wbem;C:\windows\System32\WindowsPowerShell\v1.0\;C:\windows\System32\OpenSSH\;C:\Program Files (x86)\NVIDIA Corporation\PhysX\Common;C:\Program Files\NVIDIA Corporation\NVIDIA NvDLISR;C:\MinGW\bin;C:\MinGW\msys\1.0\bin;C:\Program Files\CodeBlocks\MinGW\bin;C:\WINDOWS\system32;C:\WINDOWS;C:\WINDOWS\System32\Wbem;C:\WINDOWS\System32\WindowsPowerShell\v1.0\;C:\WINDOWS\System32\OpenSSH\;C:\MinGW\bin;C:\Program Files\dotnet\;C:\src\flutter\bin;C:\Program Files\Android\Android Studio\jbr;C:\Program Files\Git\cmd;C:\Program Files (x86)\Windows Kits\10\Windows Performance Toolkit\;C:\Program Files\Maven\apache-maven-3.9.7\bin;C:\Users\HARSHAD\AppData\Local\Microsoft\WindowsApps;C:\MinGW\bin;C:\MinGW\msys\1.0\bin;C:\Users\HARSHAD\AppData\Local\Programs\Microsoft VS Code\bin;C:\Users\HARSHAD\.dotnet\tools;C:\Users\HARSHAD\AppData\Local\GitHubDesktop\bin;C:\Users\HARSHAD\AppData\Roaming\Python\Python312\Scripts;C:\Program Files\Java\jdk-20\bin;C:\Program Files\Maven\apache-maven-3.9.7\bin;
USERNAME=HARSHAD
OS=Windows_NT
PROCESSOR_IDENTIFIER=AMD64 Family 25 Model 80 Stepping 0, AuthenticAMD
TMP=C:\Users\HARSHAD\AppData\Local\Temp
TEMP=C:\Users\HARSHAD\AppData\Local\Temp



Periodic native trim disabled


---------------  S Y S T E M  ---------------

OS:
 Windows 11 , 64 bit Build 22621 (10.0.22621.3672)
OS uptime: 1 days 22:20 hours
Hyper-V role detected

CPU: total 12 (initial active 12) (12 cores per cpu, 2 threads per core) family 25 model 80 stepping 0 microcode 0x0, cx8, cmov, fxsr, ht, mmx, 3dnowpref, sse, sse2, sse3, ssse3, sse4a, sse4.1, sse4.2, popcnt, lzcnt, tsc, tscinvbit, avx, avx2, aes, erms, clmul, bmi1, bmi2, adx, sha, fma, vzeroupper, clflush, clflushopt, hv
Processor Information for processor 0
  Max Mhz: 3301, Current Mhz: 3301, Mhz Limit: 3301
Processor Information for processor 1
  Max Mhz: 3301, Current Mhz: 3301, Mhz Limit: 3301
Processor Information for processor 2
  Max Mhz: 3301, Current Mhz: 1805, Mhz Limit: 3301
Processor Information for processor 3
  Max Mhz: 3301, Current Mhz: 3301, Mhz Limit: 3301
Processor Information for processor 4
  Max Mhz: 3301, Current Mhz: 3301, Mhz Limit: 3301
Processor Information for processor 5
  Max Mhz: 3301, Current Mhz: 3301, Mhz Limit: 3301
Processor Information for processor 6
  Max Mhz: 3301, Current Mhz: 3301, Mhz Limit: 3301
Processor Information for processor 7
  Max Mhz: 3301, Current Mhz: 3301, Mhz Limit: 3301
Processor Information for processor 8
  Max Mhz: 3301, Current Mhz: 3301, Mhz Limit: 3301
Processor Information for processor 9
  Max Mhz: 3301, Current Mhz: 3301, Mhz Limit: 3301
Processor Information for processor 10
  Max Mhz: 3301, Current Mhz: 3301, Mhz Limit: 3301
Processor Information for processor 11
  Max Mhz: 3301, Current Mhz: 3301, Mhz Limit: 3301

Memory: 4k page, system-wide physical 7519M (948M free)
TotalPageFile size 31071M (AvailPageFile size 280M)
current process WorkingSet (physical memory assigned to process): 235M, peak: 237M
current process commit charge ("private bytes"): 325M, peak: 326M

vm_info: OpenJDK 64-Bit Server VM (17.0.11+9) for windows-amd64 JRE (17.0.11+9), built on Apr 17 2024 06:07:48 by "admin" with MS VC++ 16.10 / 16.11 (VS2019)

END.
